[35m[1mScanning dependencies of target valve_control_node[0m
[ 50%] Built target geo_positioning
[ 50%] Built target fire_spots_visualization
[ 75%] Built target compress_video_node
[ 87%] [32mBuilding CXX object CMakeFiles/valve_control_node.dir/src/valve_control_node.cpp.o[0m
[01m[K/home/huajun/M300_ws/src/forest_fire_geopositioning/src/valve_control_node.cpp:[m[K In function ‘[01m[Kint main(int, char**)[m[K’:
[01m[K/home/huajun/M300_ws/src/forest_fire_geopositioning/src/valve_control_node.cpp:34:38:[m[K [01;31m[Kerror: [m[K‘[01m[KString[m[K’ is not a member of ‘[01m[Kstd_msgs[m[K’
   34 |     log_pub = nh.advertise<std_msgs::[01;31m[KString[m[K>("valve_control_log", 1000);
      |                                      [01;31m[K^~~~~~[m[K
[01m[K/home/huajun/M300_ws/src/forest_fire_geopositioning/src/valve_control_node.cpp:34:38:[m[K [01;31m[Kerror: [m[K‘[01m[KString[m[K’ is not a member of ‘[01m[Kstd_msgs[m[K’
[01m[K/home/huajun/M300_ws/src/forest_fire_geopositioning/src/valve_control_node.cpp:34:71:[m[K [01;31m[Kerror: [m[Kno matching function for call to ‘[01m[Kros::NodeHandle::advertise<<expression error> >(const char [18], int)[m[K’
   34 |     log_pub = nh.advertise<std_msgs::String>("valve_control_log", 1000[01;31m[K)[m[K;
      |                                                                       [01;31m[K^[m[K
In file included from [01m[K/opt/ros/noetic/include/ros/ros.h:45[m[K,
                 from [01m[K/home/huajun/M300_ws/src/forest_fire_geopositioning/src/valve_control_node.cpp:1[m[K:
[01m[K/opt/ros/noetic/include/ros/node_handle.h:249:15:[m[K [01;36m[Knote: [m[Kcandidate: ‘[01m[Ktemplate<class M> ros::Publisher ros::NodeHandle::advertise(const string&, uint32_t, bool)[m[K’
  249 |     Publisher [01;36m[Kadvertise[m[K(const std::string& topic, uint32_t queue_size, bool latch = false)
      |               [01;36m[K^~~~~~~~~[m[K
[01m[K/opt/ros/noetic/include/ros/node_handle.h:249:15:[m[K [01;36m[Knote: [m[K  template argument deduction/substitution failed:
[01m[K/home/huajun/M300_ws/src/forest_fire_geopositioning/src/valve_control_node.cpp:34:71:[m[K [01;31m[Kerror: [m[Ktemplate argument 1 is invalid
   34 |     log_pub = nh.advertise<std_msgs::String>("valve_control_log", 1000[01;31m[K)[m[K;
      |                                                                       [01;31m[K^[m[K
In file included from [01m[K/opt/ros/noetic/include/ros/ros.h:45[m[K,
                 from [01m[K/home/huajun/M300_ws/src/forest_fire_geopositioning/src/valve_control_node.cpp:1[m[K:
[01m[K/opt/ros/noetic/include/ros/node_handle.h:315:13:[m[K [01;36m[Knote: [m[Kcandidate: ‘[01m[Ktemplate<class M> ros::Publisher ros::NodeHandle::advertise(const string&, uint32_t, const SubscriberStatusCallback&, const SubscriberStatusCallback&, const VoidConstPtr&, bool)[m[K’
  315 |   Publisher [01;36m[Kadvertise[m[K(const std::string& topic, uint32_t queue_size,
      |             [01;36m[K^~~~~~~~~[m[K
[01m[K/opt/ros/noetic/include/ros/node_handle.h:315:13:[m[K [01;36m[Knote: [m[K  template argument deduction/substitution failed:
[01m[K/home/huajun/M300_ws/src/forest_fire_geopositioning/src/valve_control_node.cpp:34:71:[m[K [01;31m[Kerror: [m[Ktemplate argument 1 is invalid
   34 |     log_pub = nh.advertise<std_msgs::String>("valve_control_log", 1000[01;31m[K)[m[K;
      |                                                                       [01;31m[K^[m[K
make[2]: *** [CMakeFiles/valve_control_node.dir/build.make:63: CMakeFiles/valve_control_node.dir/src/valve_control_node.cpp.o] Error 1
make[1]: *** [CMakeFiles/Makefile2:206: CMakeFiles/valve_control_node.dir/all] Error 2
make: *** [Makefile:141: all] Error 2
