Symlinking /home/huajun/M300_ws/devel/lib/libdji_osdk_ros.so
Symlinking /home/huajun/M300_ws/devel/lib/dji_osdk_ros/gimbal_camera_control_node
Symlinking /home/huajun/M300_ws/devel/lib/dji_osdk_ros/dji_sdk_node
Symlinking /home/huajun/M300_ws/devel/lib/dji_osdk_ros/main_and_fpv_node
Symlinking /home/huajun/M300_ws/devel/lib/dji_osdk_ros/time_sync_node
Symlinking /home/huajun/M300_ws/devel/lib/dji_osdk_ros/battery_node
Symlinking /home/huajun/M300_ws/devel/lib/dji_osdk_ros/flight_control_node
Symlinking /home/huajun/M300_ws/devel/lib/dji_osdk_ros/InMotionDropper
Symlinking /home/huajun/M300_ws/devel/lib/dji_osdk_ros/waypointV2_node
Symlinking /home/huajun/M300_ws/devel/lib/dji_osdk_ros/payload_device_node
Symlinking /home/huajun/M300_ws/devel/lib/dji_osdk_ros/mission_node
Symlinking /home/huajun/M300_ws/devel/lib/dji_osdk_ros/InMotionDropping
Symlinking /home/huajun/M300_ws/devel/lib/dji_osdk_ros/waypointV2_node_h_3
Symlinking /home/huajun/M300_ws/devel/lib/dji_osdk_ros/camera_stream_node
Symlinking /home/huajun/M300_ws/devel/lib/dji_osdk_ros/telemetry_node
Symlinking /home/huajun/M300_ws/devel/lib/dji_osdk_ros/mobile_device_node
Symlinking /home/huajun/M300_ws/devel/lib/dji_osdk_ros/dji_vehicle_node
Symlinking /home/huajun/M300_ws/devel/lib/dji_osdk_ros/camera_h264_node
Symlinking /home/huajun/M300_ws/devel/lib/dji_osdk_ros/hms_node
Symlinking /home/huajun/M300_ws/devel/lib/python3/dist-packages/dji_osdk_ros/__init__.py
Symlinking /home/huajun/M300_ws/devel/lib/python3/dist-packages/dji_osdk_ros/srv/_SetupCameraH264.py
Symlinking /home/huajun/M300_ws/devel/lib/python3/dist-packages/dji_osdk_ros/srv/_MFIOConfig.py
Symlinking /home/huajun/M300_ws/devel/lib/python3/dist-packages/dji_osdk_ros/srv/_SendMobileData.py
Symlinking /home/huajun/M300_ws/devel/lib/python3/dist-packages/dji_osdk_ros/srv/_MissionHpUpdateRadius.py
Symlinking /home/huajun/M300_ws/devel/lib/python3/dist-packages/dji_osdk_ros/srv/_MFIOSetValue.py
Symlinking /home/huajun/M300_ws/devel/lib/python3/dist-packages/dji_osdk_ros/srv/_MissionStatus.py
Symlinking /home/huajun/M300_ws/devel/lib/python3/dist-packages/dji_osdk_ros/srv/_StartWaypointV2Mission.py
Symlinking /home/huajun/M300_ws/devel/lib/python3/dist-packages/dji_osdk_ros/srv/_CameraStopShootPhoto.py
Symlinking /home/huajun/M300_ws/devel/lib/python3/dist-packages/dji_osdk_ros/srv/_GetGoHomeAltitude.py
Symlinking /home/huajun/M300_ws/devel/lib/python3/dist-packages/dji_osdk_ros/srv/_MissionWpGetInfo.py
Symlinking /home/huajun/M300_ws/devel/lib/python3/dist-packages/dji_osdk_ros/srv/_GetHMSData.py
Symlinking /home/huajun/M300_ws/devel/lib/python3/dist-packages/dji_osdk_ros/srv/_MissionHpGetInfo.py
Symlinking /home/huajun/M300_ws/devel/lib/python3/dist-packages/dji_osdk_ros/srv/_SetGoHomeAltitude.py
Symlinking /home/huajun/M300_ws/devel/lib/python3/dist-packages/dji_osdk_ros/srv/_StopWaypointV2Mission.py
Symlinking /home/huajun/M300_ws/devel/lib/python3/dist-packages/dji_osdk_ros/srv/_SubscribeWaypointV2Event.py
Symlinking /home/huajun/M300_ws/devel/lib/python3/dist-packages/dji_osdk_ros/srv/_SubscribeWaypointV2State.py
Symlinking /home/huajun/M300_ws/devel/lib/python3/dist-packages/dji_osdk_ros/srv/_DroneTaskControl.py
Symlinking /home/huajun/M300_ws/devel/lib/python3/dist-packages/dji_osdk_ros/srv/_GenerateWaypointV2Action.py
Symlinking /home/huajun/M300_ws/devel/lib/python3/dist-packages/dji_osdk_ros/srv/_GetM300StereoParams.py
Symlinking /home/huajun/M300_ws/devel/lib/python3/dist-packages/dji_osdk_ros/srv/_MissionWpGetSpeed.py
Symlinking /home/huajun/M300_ws/devel/lib/python3/dist-packages/dji_osdk_ros/srv/_CameraZoomCtrl.py
Symlinking /home/huajun/M300_ws/devel/lib/python3/dist-packages/dji_osdk_ros/srv/_JoystickAction.py
Symlinking /home/huajun/M300_ws/devel/lib/python3/dist-packages/dji_osdk_ros/srv/_GetWholeBatteryInfo.py
Symlinking /home/huajun/M300_ws/devel/lib/python3/dist-packages/dji_osdk_ros/srv/__init__.py
Symlinking /home/huajun/M300_ws/devel/lib/python3/dist-packages/dji_osdk_ros/srv/_SetJoystickMode.py
Symlinking /home/huajun/M300_ws/devel/lib/python3/dist-packages/dji_osdk_ros/srv/_InitWaypointV2Setting.py
Symlinking /home/huajun/M300_ws/devel/lib/python3/dist-packages/dji_osdk_ros/srv/_FlightTaskControl.py
Symlinking /home/huajun/M300_ws/devel/lib/python3/dist-packages/dji_osdk_ros/srv/_CameraStartShootIntervalPhoto.py
Symlinking /home/huajun/M300_ws/devel/lib/python3/dist-packages/dji_osdk_ros/srv/_MFIO.py
Symlinking /home/huajun/M300_ws/devel/lib/python3/dist-packages/dji_osdk_ros/srv/_QueryDroneVersion.py
Symlinking /home/huajun/M300_ws/devel/lib/python3/dist-packages/dji_osdk_ros/srv/_CameraSetZoomPara.py
Symlinking /home/huajun/M300_ws/devel/lib/python3/dist-packages/dji_osdk_ros/srv/_PauseWaypointV2Mission.py
Symlinking /home/huajun/M300_ws/devel/lib/python3/dist-packages/dji_osdk_ros/srv/_MissionWpAction.py
Symlinking /home/huajun/M300_ws/devel/lib/python3/dist-packages/dji_osdk_ros/srv/_MissionHpAction.py
Symlinking /home/huajun/M300_ws/devel/lib/python3/dist-packages/dji_osdk_ros/srv/_Activation.py
Symlinking /home/huajun/M300_ws/devel/lib/python3/dist-packages/dji_osdk_ros/srv/_SetLocalPosRef.py
Symlinking /home/huajun/M300_ws/devel/lib/python3/dist-packages/dji_osdk_ros/srv/_CameraAperture.py
Symlinking /home/huajun/M300_ws/devel/lib/python3/dist-packages/dji_osdk_ros/srv/_CameraStartShootAEBPhoto.py
Symlinking /home/huajun/M300_ws/devel/lib/python3/dist-packages/dji_osdk_ros/srv/_SetupCameraStream.py
Symlinking /home/huajun/M300_ws/devel/lib/python3/dist-packages/dji_osdk_ros/srv/_MissionHpResetYaw.py
Symlinking /home/huajun/M300_ws/devel/lib/python3/dist-packages/dji_osdk_ros/srv/_CameraAction.py
Symlinking /home/huajun/M300_ws/devel/lib/python3/dist-packages/dji_osdk_ros/srv/_MissionHpUpload.py
Symlinking /home/huajun/M300_ws/devel/lib/python3/dist-packages/dji_osdk_ros/srv/_CameraISO.py
Symlinking /home/huajun/M300_ws/devel/lib/python3/dist-packages/dji_osdk_ros/srv/_SetCurrentAircraftLocAsHomePoint.py
Symlinking /home/huajun/M300_ws/devel/lib/python3/dist-packages/dji_osdk_ros/srv/_DroneArmControl.py
Symlinking /home/huajun/M300_ws/devel/lib/python3/dist-packages/dji_osdk_ros/srv/_UploadWaypointV2Mission.py
Symlinking /home/huajun/M300_ws/devel/lib/python3/dist-packages/dji_osdk_ros/srv/_GetGlobalCruisespeed.py
Symlinking /home/huajun/M300_ws/devel/lib/python3/dist-packages/dji_osdk_ros/srv/_UploadWaypointV2Action.py
Symlinking /home/huajun/M300_ws/devel/lib/python3/dist-packages/dji_osdk_ros/srv/_CameraStartShootBurstPhoto.py
Symlinking /home/huajun/M300_ws/devel/lib/python3/dist-packages/dji_osdk_ros/srv/_CameraShutterSpeed.py
Symlinking /home/huajun/M300_ws/devel/lib/python3/dist-packages/dji_osdk_ros/srv/_Stereo240pSubscription.py
Symlinking /home/huajun/M300_ws/devel/lib/python3/dist-packages/dji_osdk_ros/srv/_KillSwitch.py
Symlinking /home/huajun/M300_ws/devel/lib/python3/dist-packages/dji_osdk_ros/srv/_GetDroneType.py
Symlinking /home/huajun/M300_ws/devel/lib/python3/dist-packages/dji_osdk_ros/srv/_CameraStartShootSinglePhoto.py
Symlinking /home/huajun/M300_ws/devel/lib/python3/dist-packages/dji_osdk_ros/srv/_SetAvoidEnable.py
Symlinking /home/huajun/M300_ws/devel/lib/python3/dist-packages/dji_osdk_ros/srv/_SetHomePoint.py
Symlinking /home/huajun/M300_ws/devel/lib/python3/dist-packages/dji_osdk_ros/srv/_CameraRecordVideoAction.py
Symlinking /home/huajun/M300_ws/devel/lib/python3/dist-packages/dji_osdk_ros/srv/_CameraFocusPoint.py
Symlinking /home/huajun/M300_ws/devel/lib/python3/dist-packages/dji_osdk_ros/srv/_CameraEV.py
Symlinking /home/huajun/M300_ws/devel/lib/python3/dist-packages/dji_osdk_ros/srv/_EmergencyBrake.py
Symlinking /home/huajun/M300_ws/devel/lib/python3/dist-packages/dji_osdk_ros/srv/_GimbalAction.py
Symlinking /home/huajun/M300_ws/devel/lib/python3/dist-packages/dji_osdk_ros/srv/_GetSingleBatteryDynamicInfo.py
Symlinking /home/huajun/M300_ws/devel/lib/python3/dist-packages/dji_osdk_ros/srv/_GetAvoidEnable.py
Symlinking /home/huajun/M300_ws/devel/lib/python3/dist-packages/dji_osdk_ros/srv/_StereoDepthSubscription.py
Symlinking /home/huajun/M300_ws/devel/lib/python3/dist-packages/dji_osdk_ros/srv/_SetGlobalCruisespeed.py
Symlinking /home/huajun/M300_ws/devel/lib/python3/dist-packages/dji_osdk_ros/srv/_CameraTapZoomPoint.py
Symlinking /home/huajun/M300_ws/devel/lib/python3/dist-packages/dji_osdk_ros/srv/_SendPayloadData.py
Symlinking /home/huajun/M300_ws/devel/lib/python3/dist-packages/dji_osdk_ros/srv/_DownloadWaypointV2Mission.py
Symlinking /home/huajun/M300_ws/devel/lib/python3/dist-packages/dji_osdk_ros/srv/_StereoVGASubscription.py
Symlinking /home/huajun/M300_ws/devel/lib/python3/dist-packages/dji_osdk_ros/srv/_MissionWpSetSpeed.py
Symlinking /home/huajun/M300_ws/devel/lib/python3/dist-packages/dji_osdk_ros/srv/_SDKControlAuthority.py
Symlinking /home/huajun/M300_ws/devel/lib/python3/dist-packages/dji_osdk_ros/srv/_ResumeWaypointV2Mission.py
Symlinking /home/huajun/M300_ws/devel/lib/python3/dist-packages/dji_osdk_ros/srv/_MissionHpUpdateYawRate.py
Symlinking /home/huajun/M300_ws/devel/lib/python3/dist-packages/dji_osdk_ros/srv/_SetHardSync.py
Symlinking /home/huajun/M300_ws/devel/lib/python3/dist-packages/dji_osdk_ros/srv/_ObtainControlAuthority.py
Symlinking /home/huajun/M300_ws/devel/lib/python3/dist-packages/dji_osdk_ros/srv/_MissionWpUpload.py
Symlinking /home/huajun/M300_ws/devel/lib/python3/dist-packages/dji_osdk_ros/msg/_WaypointV2MissionStatePush.py
Symlinking /home/huajun/M300_ws/devel/lib/python3/dist-packages/dji_osdk_ros/msg/_SmartBatteryState.py
Symlinking /home/huajun/M300_ws/devel/lib/python3/dist-packages/dji_osdk_ros/msg/_FlightAnomaly.py
Symlinking /home/huajun/M300_ws/devel/lib/python3/dist-packages/dji_osdk_ros/msg/_WaypointV2SampleReachPointTrigger.py
Symlinking /home/huajun/M300_ws/devel/lib/python3/dist-packages/dji_osdk_ros/msg/_WaypointV2.py
Symlinking /home/huajun/M300_ws/devel/lib/python3/dist-packages/dji_osdk_ros/msg/_Gimbal.py
Symlinking /home/huajun/M300_ws/devel/lib/python3/dist-packages/dji_osdk_ros/msg/_JoystickParams.py
Symlinking /home/huajun/M300_ws/devel/lib/python3/dist-packages/dji_osdk_ros/msg/_MissionWaypoint.py
Symlinking /home/huajun/M300_ws/devel/lib/python3/dist-packages/dji_osdk_ros/msg/_WaypointV2IntervalTrigger.py
Symlinking /home/huajun/M300_ws/devel/lib/python3/dist-packages/dji_osdk_ros/msg/_WaypointList.py
Symlinking /home/huajun/M300_ws/devel/lib/python3/dist-packages/dji_osdk_ros/msg/__init__.py
Symlinking /home/huajun/M300_ws/devel/lib/python3/dist-packages/dji_osdk_ros/msg/_WaypointV2AssociateTrigger.py
Symlinking /home/huajun/M300_ws/devel/lib/python3/dist-packages/dji_osdk_ros/msg/_WaypointV2CameraActuatorFocalLengthParam.py
Symlinking /home/huajun/M300_ws/devel/lib/python3/dist-packages/dji_osdk_ros/msg/_WaypointV2CameraActuator.py
Symlinking /home/huajun/M300_ws/devel/lib/python3/dist-packages/dji_osdk_ros/msg/_PayloadData.py
Symlinking /home/huajun/M300_ws/devel/lib/python3/dist-packages/dji_osdk_ros/msg/_WaypointV2TrajectoryTrigger.py
Symlinking /home/huajun/M300_ws/devel/lib/python3/dist-packages/dji_osdk_ros/msg/_WaypointV2ReachpointTrigger.py
Symlinking /home/huajun/M300_ws/devel/lib/python3/dist-packages/dji_osdk_ros/msg/_WaypointV2GimbalActuator.py
Symlinking /home/huajun/M300_ws/devel/lib/python3/dist-packages/dji_osdk_ros/msg/_WaypointV2CameraActuatorFocusParam.py
Symlinking /home/huajun/M300_ws/devel/lib/python3/dist-packages/dji_osdk_ros/msg/_GPSUTC.py
Symlinking /home/huajun/M300_ws/devel/lib/python3/dist-packages/dji_osdk_ros/msg/_MissionHotpointTask.py
Symlinking /home/huajun/M300_ws/devel/lib/python3/dist-packages/dji_osdk_ros/msg/_WaypointV2AircraftControlActuator.py
Symlinking /home/huajun/M300_ws/devel/lib/python3/dist-packages/dji_osdk_ros/msg/_WaypointV2InitSetting.py
Symlinking /home/huajun/M300_ws/devel/lib/python3/dist-packages/dji_osdk_ros/msg/_BatteryState.py
Symlinking /home/huajun/M300_ws/devel/lib/python3/dist-packages/dji_osdk_ros/msg/_WaypointV2Config.py
Symlinking /home/huajun/M300_ws/devel/lib/python3/dist-packages/dji_osdk_ros/msg/_HMSPushInfo.py
Symlinking /home/huajun/M300_ws/devel/lib/python3/dist-packages/dji_osdk_ros/msg/_MissionWaypointAction.py
Symlinking /home/huajun/M300_ws/devel/lib/python3/dist-packages/dji_osdk_ros/msg/_WaypointV2GimbalActuatorRotationParam.py
Symlinking /home/huajun/M300_ws/devel/lib/python3/dist-packages/dji_osdk_ros/msg/_MobileData.py
Symlinking /home/huajun/M300_ws/devel/lib/python3/dist-packages/dji_osdk_ros/msg/_WaypointV2Action.py
Symlinking /home/huajun/M300_ws/devel/lib/python3/dist-packages/dji_osdk_ros/msg/_Waypoint.py
Symlinking /home/huajun/M300_ws/devel/lib/python3/dist-packages/dji_osdk_ros/msg/_FCTimeInUTC.py
Symlinking /home/huajun/M300_ws/devel/lib/python3/dist-packages/dji_osdk_ros/msg/_WaypointV2MissionEventPush.py
Symlinking /home/huajun/M300_ws/devel/lib/python3/dist-packages/dji_osdk_ros/msg/_MissionWaypointTask.py
Symlinking /home/huajun/M300_ws/devel/lib/python3/dist-packages/dji_osdk_ros/msg/_VOPosition.py
Symlinking /home/huajun/M300_ws/devel/lib/python3/dist-packages/dji_osdk_ros/msg/_WaypointV2AircraftControlActuatorRotateHeading.py
Symlinking /home/huajun/M300_ws/devel/lib/python3/dist-packages/dji_osdk_ros/msg/_SmartBatteryDynamicInfo.py
Symlinking /home/huajun/M300_ws/devel/lib/python3/dist-packages/dji_osdk_ros/msg/_WaypointV2AircraftControlActuatorFlying.py
Symlinking /home/huajun/M300_ws/devel/lib/python3/dist-packages/dji_osdk_ros/msg/_BatteryWholeInfo.py
Symlinking /home/huajun/M300_ws/devel/lib/pkgconfig/dji_osdk_ros.pc
Symlinking /home/huajun/M300_ws/devel/share/common-lisp/ros/dji_osdk_ros/srv/MFIOConfig.lisp
Symlinking /home/huajun/M300_ws/devel/share/common-lisp/ros/dji_osdk_ros/srv/_package_MFIOConfig.lisp
Symlinking /home/huajun/M300_ws/devel/share/common-lisp/ros/dji_osdk_ros/srv/_package_MissionWpSetSpeed.lisp
Symlinking /home/huajun/M300_ws/devel/share/common-lisp/ros/dji_osdk_ros/srv/_package_StereoVGASubscription.lisp
Symlinking /home/huajun/M300_ws/devel/share/common-lisp/ros/dji_osdk_ros/srv/GetSingleBatteryDynamicInfo.lisp
Symlinking /home/huajun/M300_ws/devel/share/common-lisp/ros/dji_osdk_ros/srv/FlightTaskControl.lisp
Symlinking /home/huajun/M300_ws/devel/share/common-lisp/ros/dji_osdk_ros/srv/_package_ResumeWaypointV2Mission.lisp
Symlinking /home/huajun/M300_ws/devel/share/common-lisp/ros/dji_osdk_ros/srv/GetDroneType.lisp
Symlinking /home/huajun/M300_ws/devel/share/common-lisp/ros/dji_osdk_ros/srv/_package_CameraAction.lisp
Symlinking /home/huajun/M300_ws/devel/share/common-lisp/ros/dji_osdk_ros/srv/_package_MissionWpGetInfo.lisp
Symlinking /home/huajun/M300_ws/devel/share/common-lisp/ros/dji_osdk_ros/srv/_package_CameraStartShootAEBPhoto.lisp
Symlinking /home/huajun/M300_ws/devel/share/common-lisp/ros/dji_osdk_ros/srv/_package_MissionWpUpload.lisp
Symlinking /home/huajun/M300_ws/devel/share/common-lisp/ros/dji_osdk_ros/srv/_package_MissionWpAction.lisp
Symlinking /home/huajun/M300_ws/devel/share/common-lisp/ros/dji_osdk_ros/srv/QueryDroneVersion.lisp
Symlinking /home/huajun/M300_ws/devel/share/common-lisp/ros/dji_osdk_ros/srv/SetJoystickMode.lisp
Symlinking /home/huajun/M300_ws/devel/share/common-lisp/ros/dji_osdk_ros/srv/MissionHpGetInfo.lisp
Symlinking /home/huajun/M300_ws/devel/share/common-lisp/ros/dji_osdk_ros/srv/ObtainControlAuthority.lisp
Symlinking /home/huajun/M300_ws/devel/share/common-lisp/ros/dji_osdk_ros/srv/MissionWpGetSpeed.lisp
Symlinking /home/huajun/M300_ws/devel/share/common-lisp/ros/dji_osdk_ros/srv/_package_SetAvoidEnable.lisp
Symlinking /home/huajun/M300_ws/devel/share/common-lisp/ros/dji_osdk_ros/srv/UploadWaypointV2Mission.lisp
Symlinking /home/huajun/M300_ws/devel/share/common-lisp/ros/dji_osdk_ros/srv/_package_MissionHpResetYaw.lisp
Symlinking /home/huajun/M300_ws/devel/share/common-lisp/ros/dji_osdk_ros/srv/_package_PauseWaypointV2Mission.lisp
Symlinking /home/huajun/M300_ws/devel/share/common-lisp/ros/dji_osdk_ros/srv/MissionWpAction.lisp
Symlinking /home/huajun/M300_ws/devel/share/common-lisp/ros/dji_osdk_ros/srv/GetGoHomeAltitude.lisp
Symlinking /home/huajun/M300_ws/devel/share/common-lisp/ros/dji_osdk_ros/srv/_package_JoystickAction.lisp
Symlinking /home/huajun/M300_ws/devel/share/common-lisp/ros/dji_osdk_ros/srv/_package_SetJoystickMode.lisp
Symlinking /home/huajun/M300_ws/devel/share/common-lisp/ros/dji_osdk_ros/srv/CameraStopShootPhoto.lisp
Symlinking /home/huajun/M300_ws/devel/share/common-lisp/ros/dji_osdk_ros/srv/_package_CameraEV.lisp
Symlinking /home/huajun/M300_ws/devel/share/common-lisp/ros/dji_osdk_ros/srv/_package_CameraFocusPoint.lisp
Symlinking /home/huajun/M300_ws/devel/share/common-lisp/ros/dji_osdk_ros/srv/_package_MissionHpUpload.lisp
Symlinking /home/huajun/M300_ws/devel/share/common-lisp/ros/dji_osdk_ros/srv/_package_InitWaypointV2Setting.lisp
Symlinking /home/huajun/M300_ws/devel/share/common-lisp/ros/dji_osdk_ros/srv/_package_CameraAperture.lisp
Symlinking /home/huajun/M300_ws/devel/share/common-lisp/ros/dji_osdk_ros/srv/_package_GetWholeBatteryInfo.lisp
Symlinking /home/huajun/M300_ws/devel/share/common-lisp/ros/dji_osdk_ros/srv/_package_CameraStartShootBurstPhoto.lisp
Symlinking /home/huajun/M300_ws/devel/share/common-lisp/ros/dji_osdk_ros/srv/_package_GetGoHomeAltitude.lisp
Symlinking /home/huajun/M300_ws/devel/share/common-lisp/ros/dji_osdk_ros/srv/_package_MissionHpAction.lisp
Symlinking /home/huajun/M300_ws/devel/share/common-lisp/ros/dji_osdk_ros/srv/StereoDepthSubscription.lisp
Symlinking /home/huajun/M300_ws/devel/share/common-lisp/ros/dji_osdk_ros/srv/MissionHpAction.lisp
Symlinking /home/huajun/M300_ws/devel/share/common-lisp/ros/dji_osdk_ros/srv/StartWaypointV2Mission.lisp
Symlinking /home/huajun/M300_ws/devel/share/common-lisp/ros/dji_osdk_ros/srv/_package_CameraTapZoomPoint.lisp
Symlinking /home/huajun/M300_ws/devel/share/common-lisp/ros/dji_osdk_ros/srv/_package_CameraShutterSpeed.lisp
Symlinking /home/huajun/M300_ws/devel/share/common-lisp/ros/dji_osdk_ros/srv/JoystickAction.lisp
Symlinking /home/huajun/M300_ws/devel/share/common-lisp/ros/dji_osdk_ros/srv/_package_SetHomePoint.lisp
Symlinking /home/huajun/M300_ws/devel/share/common-lisp/ros/dji_osdk_ros/srv/_package_CameraZoomCtrl.lisp
Symlinking /home/huajun/M300_ws/devel/share/common-lisp/ros/dji_osdk_ros/srv/_package_MFIO.lisp
Symlinking /home/huajun/M300_ws/devel/share/common-lisp/ros/dji_osdk_ros/srv/DownloadWaypointV2Mission.lisp
Symlinking /home/huajun/M300_ws/devel/share/common-lisp/ros/dji_osdk_ros/srv/SubscribeWaypointV2Event.lisp
Symlinking /home/huajun/M300_ws/devel/share/common-lisp/ros/dji_osdk_ros/srv/StereoVGASubscription.lisp
Symlinking /home/huajun/M300_ws/devel/share/common-lisp/ros/dji_osdk_ros/srv/_package_SetupCameraH264.lisp
Symlinking /home/huajun/M300_ws/devel/share/common-lisp/ros/dji_osdk_ros/srv/_package_SetCurrentAircraftLocAsHomePoint.lisp
Symlinking /home/huajun/M300_ws/devel/share/common-lisp/ros/dji_osdk_ros/srv/_package_DroneArmControl.lisp
Symlinking /home/huajun/M300_ws/devel/share/common-lisp/ros/dji_osdk_ros/srv/PauseWaypointV2Mission.lisp
Symlinking /home/huajun/M300_ws/devel/share/common-lisp/ros/dji_osdk_ros/srv/MissionHpUpload.lisp
Symlinking /home/huajun/M300_ws/devel/share/common-lisp/ros/dji_osdk_ros/srv/SetupCameraStream.lisp
Symlinking /home/huajun/M300_ws/devel/share/common-lisp/ros/dji_osdk_ros/srv/_package_SDKControlAuthority.lisp
Symlinking /home/huajun/M300_ws/devel/share/common-lisp/ros/dji_osdk_ros/srv/SubscribeWaypointV2State.lisp
Symlinking /home/huajun/M300_ws/devel/share/common-lisp/ros/dji_osdk_ros/srv/GimbalAction.lisp
Symlinking /home/huajun/M300_ws/devel/share/common-lisp/ros/dji_osdk_ros/srv/ResumeWaypointV2Mission.lisp
Symlinking /home/huajun/M300_ws/devel/share/common-lisp/ros/dji_osdk_ros/srv/_package_SubscribeWaypointV2State.lisp
Symlinking /home/huajun/M300_ws/devel/share/common-lisp/ros/dji_osdk_ros/srv/_package_UploadWaypointV2Action.lisp
Symlinking /home/huajun/M300_ws/devel/share/common-lisp/ros/dji_osdk_ros/srv/_package_GetM300StereoParams.lisp
Symlinking /home/huajun/M300_ws/devel/share/common-lisp/ros/dji_osdk_ros/srv/_package_Activation.lisp
Symlinking /home/huajun/M300_ws/devel/share/common-lisp/ros/dji_osdk_ros/srv/_package_FlightTaskControl.lisp
Symlinking /home/huajun/M300_ws/devel/share/common-lisp/ros/dji_osdk_ros/srv/_package_SetHardSync.lisp
Symlinking /home/huajun/M300_ws/devel/share/common-lisp/ros/dji_osdk_ros/srv/_package_DroneTaskControl.lisp
Symlinking /home/huajun/M300_ws/devel/share/common-lisp/ros/dji_osdk_ros/srv/SetHardSync.lisp
Symlinking /home/huajun/M300_ws/devel/share/common-lisp/ros/dji_osdk_ros/srv/CameraSetZoomPara.lisp
Symlinking /home/huajun/M300_ws/devel/share/common-lisp/ros/dji_osdk_ros/srv/SetCurrentAircraftLocAsHomePoint.lisp
Symlinking /home/huajun/M300_ws/devel/share/common-lisp/ros/dji_osdk_ros/srv/_package_ObtainControlAuthority.lisp
Symlinking /home/huajun/M300_ws/devel/share/common-lisp/ros/dji_osdk_ros/srv/CameraFocusPoint.lisp
Symlinking /home/huajun/M300_ws/devel/share/common-lisp/ros/dji_osdk_ros/srv/_package_SendPayloadData.lisp
Symlinking /home/huajun/M300_ws/devel/share/common-lisp/ros/dji_osdk_ros/srv/_package_MissionWpGetSpeed.lisp
Symlinking /home/huajun/M300_ws/devel/share/common-lisp/ros/dji_osdk_ros/srv/_package_GetAvoidEnable.lisp
Symlinking /home/huajun/M300_ws/devel/share/common-lisp/ros/dji_osdk_ros/srv/_package.lisp
Symlinking /home/huajun/M300_ws/devel/share/common-lisp/ros/dji_osdk_ros/srv/_package_SendMobileData.lisp
Symlinking /home/huajun/M300_ws/devel/share/common-lisp/ros/dji_osdk_ros/srv/SDKControlAuthority.lisp
Symlinking /home/huajun/M300_ws/devel/share/common-lisp/ros/dji_osdk_ros/srv/GetHMSData.lisp
Symlinking /home/huajun/M300_ws/devel/share/common-lisp/ros/dji_osdk_ros/srv/MissionWpGetInfo.lisp
Symlinking /home/huajun/M300_ws/devel/share/common-lisp/ros/dji_osdk_ros/srv/CameraShutterSpeed.lisp
Symlinking /home/huajun/M300_ws/devel/share/common-lisp/ros/dji_osdk_ros/srv/_package_MissionHpUpdateRadius.lisp
Symlinking /home/huajun/M300_ws/devel/share/common-lisp/ros/dji_osdk_ros/srv/CameraRecordVideoAction.lisp
Symlinking /home/huajun/M300_ws/devel/share/common-lisp/ros/dji_osdk_ros/srv/_package_CameraStartShootSinglePhoto.lisp
Symlinking /home/huajun/M300_ws/devel/share/common-lisp/ros/dji_osdk_ros/srv/DroneArmControl.lisp
Symlinking /home/huajun/M300_ws/devel/share/common-lisp/ros/dji_osdk_ros/srv/SendPayloadData.lisp
Symlinking /home/huajun/M300_ws/devel/share/common-lisp/ros/dji_osdk_ros/srv/Stereo240pSubscription.lisp
Symlinking /home/huajun/M300_ws/devel/share/common-lisp/ros/dji_osdk_ros/srv/MissionWpUpload.lisp
Symlinking /home/huajun/M300_ws/devel/share/common-lisp/ros/dji_osdk_ros/srv/_package_StereoDepthSubscription.lisp
Symlinking /home/huajun/M300_ws/devel/share/common-lisp/ros/dji_osdk_ros/srv/GetGlobalCruisespeed.lisp
Symlinking /home/huajun/M300_ws/devel/share/common-lisp/ros/dji_osdk_ros/srv/_package_EmergencyBrake.lisp
Symlinking /home/huajun/M300_ws/devel/share/common-lisp/ros/dji_osdk_ros/srv/KillSwitch.lisp
Symlinking /home/huajun/M300_ws/devel/share/common-lisp/ros/dji_osdk_ros/srv/Activation.lisp
Symlinking /home/huajun/M300_ws/devel/share/common-lisp/ros/dji_osdk_ros/srv/InitWaypointV2Setting.lisp
Symlinking /home/huajun/M300_ws/devel/share/common-lisp/ros/dji_osdk_ros/srv/_package_CameraStartShootIntervalPhoto.lisp
Symlinking /home/huajun/M300_ws/devel/share/common-lisp/ros/dji_osdk_ros/srv/MissionHpResetYaw.lisp
Symlinking /home/huajun/M300_ws/devel/share/common-lisp/ros/dji_osdk_ros/srv/dji_osdk_ros-srv.asd
Symlinking /home/huajun/M300_ws/devel/share/common-lisp/ros/dji_osdk_ros/srv/SetGoHomeAltitude.lisp
Symlinking /home/huajun/M300_ws/devel/share/common-lisp/ros/dji_osdk_ros/srv/CameraStartShootSinglePhoto.lisp
Symlinking /home/huajun/M300_ws/devel/share/common-lisp/ros/dji_osdk_ros/srv/SendMobileData.lisp
Symlinking /home/huajun/M300_ws/devel/share/common-lisp/ros/dji_osdk_ros/srv/_package_CameraRecordVideoAction.lisp
Symlinking /home/huajun/M300_ws/devel/share/common-lisp/ros/dji_osdk_ros/srv/CameraStartShootIntervalPhoto.lisp
Symlinking /home/huajun/M300_ws/devel/share/common-lisp/ros/dji_osdk_ros/srv/_package_MFIOSetValue.lisp
Symlinking /home/huajun/M300_ws/devel/share/common-lisp/ros/dji_osdk_ros/srv/_package_DownloadWaypointV2Mission.lisp
Symlinking /home/huajun/M300_ws/devel/share/common-lisp/ros/dji_osdk_ros/srv/_package_StartWaypointV2Mission.lisp
Symlinking /home/huajun/M300_ws/devel/share/common-lisp/ros/dji_osdk_ros/srv/CameraAperture.lisp
Symlinking /home/huajun/M300_ws/devel/share/common-lisp/ros/dji_osdk_ros/srv/UploadWaypointV2Action.lisp
Symlinking /home/huajun/M300_ws/devel/share/common-lisp/ros/dji_osdk_ros/srv/_package_CameraISO.lisp
Symlinking /home/huajun/M300_ws/devel/share/common-lisp/ros/dji_osdk_ros/srv/_package_SetupCameraStream.lisp
Symlinking /home/huajun/M300_ws/devel/share/common-lisp/ros/dji_osdk_ros/srv/MissionHpUpdateRadius.lisp
Symlinking /home/huajun/M300_ws/devel/share/common-lisp/ros/dji_osdk_ros/srv/_package_GenerateWaypointV2Action.lisp
Symlinking /home/huajun/M300_ws/devel/share/common-lisp/ros/dji_osdk_ros/srv/CameraTapZoomPoint.lisp
Symlinking /home/huajun/M300_ws/devel/share/common-lisp/ros/dji_osdk_ros/srv/SetupCameraH264.lisp
Symlinking /home/huajun/M300_ws/devel/share/common-lisp/ros/dji_osdk_ros/srv/GetM300StereoParams.lisp
Symlinking /home/huajun/M300_ws/devel/share/common-lisp/ros/dji_osdk_ros/srv/SetLocalPosRef.lisp
Symlinking /home/huajun/M300_ws/devel/share/common-lisp/ros/dji_osdk_ros/srv/DroneTaskControl.lisp
Symlinking /home/huajun/M300_ws/devel/share/common-lisp/ros/dji_osdk_ros/srv/CameraISO.lisp
Symlinking /home/huajun/M300_ws/devel/share/common-lisp/ros/dji_osdk_ros/srv/MFIO.lisp
Symlinking /home/huajun/M300_ws/devel/share/common-lisp/ros/dji_osdk_ros/srv/MFIOSetValue.lisp
Symlinking /home/huajun/M300_ws/devel/share/common-lisp/ros/dji_osdk_ros/srv/_package_GimbalAction.lisp
Symlinking /home/huajun/M300_ws/devel/share/common-lisp/ros/dji_osdk_ros/srv/CameraEV.lisp
Symlinking /home/huajun/M300_ws/devel/share/common-lisp/ros/dji_osdk_ros/srv/GetAvoidEnable.lisp
Symlinking /home/huajun/M300_ws/devel/share/common-lisp/ros/dji_osdk_ros/srv/_package_GetGlobalCruisespeed.lisp
Symlinking /home/huajun/M300_ws/devel/share/common-lisp/ros/dji_osdk_ros/srv/_package_SubscribeWaypointV2Event.lisp
Symlinking /home/huajun/M300_ws/devel/share/common-lisp/ros/dji_osdk_ros/srv/_package_StopWaypointV2Mission.lisp
Symlinking /home/huajun/M300_ws/devel/share/common-lisp/ros/dji_osdk_ros/srv/EmergencyBrake.lisp
Symlinking /home/huajun/M300_ws/devel/share/common-lisp/ros/dji_osdk_ros/srv/_package_GetHMSData.lisp
Symlinking /home/huajun/M300_ws/devel/share/common-lisp/ros/dji_osdk_ros/srv/GetWholeBatteryInfo.lisp
Symlinking /home/huajun/M300_ws/devel/share/common-lisp/ros/dji_osdk_ros/srv/_package_GetSingleBatteryDynamicInfo.lisp
Symlinking /home/huajun/M300_ws/devel/share/common-lisp/ros/dji_osdk_ros/srv/StopWaypointV2Mission.lisp
Symlinking /home/huajun/M300_ws/devel/share/common-lisp/ros/dji_osdk_ros/srv/_package_Stereo240pSubscription.lisp
Symlinking /home/huajun/M300_ws/devel/share/common-lisp/ros/dji_osdk_ros/srv/SetGlobalCruisespeed.lisp
Symlinking /home/huajun/M300_ws/devel/share/common-lisp/ros/dji_osdk_ros/srv/CameraAction.lisp
Symlinking /home/huajun/M300_ws/devel/share/common-lisp/ros/dji_osdk_ros/srv/MissionWpSetSpeed.lisp
Symlinking /home/huajun/M300_ws/devel/share/common-lisp/ros/dji_osdk_ros/srv/_package_KillSwitch.lisp
Symlinking /home/huajun/M300_ws/devel/share/common-lisp/ros/dji_osdk_ros/srv/_package_CameraStopShootPhoto.lisp
Symlinking /home/huajun/M300_ws/devel/share/common-lisp/ros/dji_osdk_ros/srv/CameraStartShootBurstPhoto.lisp
Symlinking /home/huajun/M300_ws/devel/share/common-lisp/ros/dji_osdk_ros/srv/_package_MissionStatus.lisp
Symlinking /home/huajun/M300_ws/devel/share/common-lisp/ros/dji_osdk_ros/srv/_package_SetGlobalCruisespeed.lisp
Symlinking /home/huajun/M300_ws/devel/share/common-lisp/ros/dji_osdk_ros/srv/MissionStatus.lisp
Symlinking /home/huajun/M300_ws/devel/share/common-lisp/ros/dji_osdk_ros/srv/_package_MissionHpUpdateYawRate.lisp
Symlinking /home/huajun/M300_ws/devel/share/common-lisp/ros/dji_osdk_ros/srv/SetHomePoint.lisp
Symlinking /home/huajun/M300_ws/devel/share/common-lisp/ros/dji_osdk_ros/srv/GenerateWaypointV2Action.lisp
Symlinking /home/huajun/M300_ws/devel/share/common-lisp/ros/dji_osdk_ros/srv/_package_CameraSetZoomPara.lisp
Symlinking /home/huajun/M300_ws/devel/share/common-lisp/ros/dji_osdk_ros/srv/CameraStartShootAEBPhoto.lisp
Symlinking /home/huajun/M300_ws/devel/share/common-lisp/ros/dji_osdk_ros/srv/_package_MissionHpGetInfo.lisp
Symlinking /home/huajun/M300_ws/devel/share/common-lisp/ros/dji_osdk_ros/srv/MissionHpUpdateYawRate.lisp
Symlinking /home/huajun/M300_ws/devel/share/common-lisp/ros/dji_osdk_ros/srv/_package_SetLocalPosRef.lisp
Symlinking /home/huajun/M300_ws/devel/share/common-lisp/ros/dji_osdk_ros/srv/_package_QueryDroneVersion.lisp
Symlinking /home/huajun/M300_ws/devel/share/common-lisp/ros/dji_osdk_ros/srv/CameraZoomCtrl.lisp
Symlinking /home/huajun/M300_ws/devel/share/common-lisp/ros/dji_osdk_ros/srv/SetAvoidEnable.lisp
Symlinking /home/huajun/M300_ws/devel/share/common-lisp/ros/dji_osdk_ros/srv/_package_SetGoHomeAltitude.lisp
Symlinking /home/huajun/M300_ws/devel/share/common-lisp/ros/dji_osdk_ros/srv/_package_UploadWaypointV2Mission.lisp
Symlinking /home/huajun/M300_ws/devel/share/common-lisp/ros/dji_osdk_ros/srv/_package_GetDroneType.lisp
Symlinking /home/huajun/M300_ws/devel/share/common-lisp/ros/dji_osdk_ros/msg/SmartBatteryDynamicInfo.lisp
Symlinking /home/huajun/M300_ws/devel/share/common-lisp/ros/dji_osdk_ros/msg/WaypointV2Action.lisp
Symlinking /home/huajun/M300_ws/devel/share/common-lisp/ros/dji_osdk_ros/msg/VOPosition.lisp
Symlinking /home/huajun/M300_ws/devel/share/common-lisp/ros/dji_osdk_ros/msg/WaypointV2AssociateTrigger.lisp
Symlinking /home/huajun/M300_ws/devel/share/common-lisp/ros/dji_osdk_ros/msg/_package_WaypointV2AircraftControlActuatorFlying.lisp
Symlinking /home/huajun/M300_ws/devel/share/common-lisp/ros/dji_osdk_ros/msg/WaypointV2InitSetting.lisp
Symlinking /home/huajun/M300_ws/devel/share/common-lisp/ros/dji_osdk_ros/msg/WaypointV2CameraActuatorFocusParam.lisp
Symlinking /home/huajun/M300_ws/devel/share/common-lisp/ros/dji_osdk_ros/msg/WaypointV2CameraActuatorFocalLengthParam.lisp
Symlinking /home/huajun/M300_ws/devel/share/common-lisp/ros/dji_osdk_ros/msg/Waypoint.lisp
Symlinking /home/huajun/M300_ws/devel/share/common-lisp/ros/dji_osdk_ros/msg/WaypointV2TrajectoryTrigger.lisp
Symlinking /home/huajun/M300_ws/devel/share/common-lisp/ros/dji_osdk_ros/msg/_package_FlightAnomaly.lisp
Symlinking /home/huajun/M300_ws/devel/share/common-lisp/ros/dji_osdk_ros/msg/WaypointV2IntervalTrigger.lisp
Symlinking /home/huajun/M300_ws/devel/share/common-lisp/ros/dji_osdk_ros/msg/_package_WaypointV2TrajectoryTrigger.lisp
Symlinking /home/huajun/M300_ws/devel/share/common-lisp/ros/dji_osdk_ros/msg/_package_WaypointV2InitSetting.lisp
Symlinking /home/huajun/M300_ws/devel/share/common-lisp/ros/dji_osdk_ros/msg/WaypointV2AircraftControlActuatorRotateHeading.lisp
Symlinking /home/huajun/M300_ws/devel/share/common-lisp/ros/dji_osdk_ros/msg/_package_WaypointV2MissionEventPush.lisp
Symlinking /home/huajun/M300_ws/devel/share/common-lisp/ros/dji_osdk_ros/msg/_package_HMSPushInfo.lisp
Symlinking /home/huajun/M300_ws/devel/share/common-lisp/ros/dji_osdk_ros/msg/_package_GPSUTC.lisp
Symlinking /home/huajun/M300_ws/devel/share/common-lisp/ros/dji_osdk_ros/msg/SmartBatteryState.lisp
Symlinking /home/huajun/M300_ws/devel/share/common-lisp/ros/dji_osdk_ros/msg/FCTimeInUTC.lisp
Symlinking /home/huajun/M300_ws/devel/share/common-lisp/ros/dji_osdk_ros/msg/_package_MissionWaypointTask.lisp
Symlinking /home/huajun/M300_ws/devel/share/common-lisp/ros/dji_osdk_ros/msg/Gimbal.lisp
Symlinking /home/huajun/M300_ws/devel/share/common-lisp/ros/dji_osdk_ros/msg/_package_WaypointV2CameraActuatorFocusParam.lisp
Symlinking /home/huajun/M300_ws/devel/share/common-lisp/ros/dji_osdk_ros/msg/_package_MissionWaypoint.lisp
Symlinking /home/huajun/M300_ws/devel/share/common-lisp/ros/dji_osdk_ros/msg/PayloadData.lisp
Symlinking /home/huajun/M300_ws/devel/share/common-lisp/ros/dji_osdk_ros/msg/_package_WaypointV2Config.lisp
Symlinking /home/huajun/M300_ws/devel/share/common-lisp/ros/dji_osdk_ros/msg/BatteryState.lisp
Symlinking /home/huajun/M300_ws/devel/share/common-lisp/ros/dji_osdk_ros/msg/MissionWaypoint.lisp
Symlinking /home/huajun/M300_ws/devel/share/common-lisp/ros/dji_osdk_ros/msg/HMSPushInfo.lisp
Symlinking /home/huajun/M300_ws/devel/share/common-lisp/ros/dji_osdk_ros/msg/_package_WaypointV2CameraActuatorFocalLengthParam.lisp
Symlinking /home/huajun/M300_ws/devel/share/common-lisp/ros/dji_osdk_ros/msg/JoystickParams.lisp
Symlinking /home/huajun/M300_ws/devel/share/common-lisp/ros/dji_osdk_ros/msg/_package_MissionHotpointTask.lisp
Symlinking /home/huajun/M300_ws/devel/share/common-lisp/ros/dji_osdk_ros/msg/_package_MissionWaypointAction.lisp
Symlinking /home/huajun/M300_ws/devel/share/common-lisp/ros/dji_osdk_ros/msg/WaypointV2SampleReachPointTrigger.lisp
Symlinking /home/huajun/M300_ws/devel/share/common-lisp/ros/dji_osdk_ros/msg/_package_WaypointV2IntervalTrigger.lisp
Symlinking /home/huajun/M300_ws/devel/share/common-lisp/ros/dji_osdk_ros/msg/_package_WaypointV2AssociateTrigger.lisp
Symlinking /home/huajun/M300_ws/devel/share/common-lisp/ros/dji_osdk_ros/msg/WaypointV2MissionEventPush.lisp
Symlinking /home/huajun/M300_ws/devel/share/common-lisp/ros/dji_osdk_ros/msg/_package_PayloadData.lisp
Symlinking /home/huajun/M300_ws/devel/share/common-lisp/ros/dji_osdk_ros/msg/_package_WaypointV2Action.lisp
Symlinking /home/huajun/M300_ws/devel/share/common-lisp/ros/dji_osdk_ros/msg/_package_WaypointV2SampleReachPointTrigger.lisp
Symlinking /home/huajun/M300_ws/devel/share/common-lisp/ros/dji_osdk_ros/msg/WaypointV2CameraActuator.lisp
Symlinking /home/huajun/M300_ws/devel/share/common-lisp/ros/dji_osdk_ros/msg/BatteryWholeInfo.lisp
Symlinking /home/huajun/M300_ws/devel/share/common-lisp/ros/dji_osdk_ros/msg/_package_WaypointV2ReachpointTrigger.lisp
Symlinking /home/huajun/M300_ws/devel/share/common-lisp/ros/dji_osdk_ros/msg/_package_Gimbal.lisp
Symlinking /home/huajun/M300_ws/devel/share/common-lisp/ros/dji_osdk_ros/msg/_package_SmartBatteryDynamicInfo.lisp
Symlinking /home/huajun/M300_ws/devel/share/common-lisp/ros/dji_osdk_ros/msg/WaypointV2AircraftControlActuatorFlying.lisp
Symlinking /home/huajun/M300_ws/devel/share/common-lisp/ros/dji_osdk_ros/msg/_package_WaypointV2GimbalActuatorRotationParam.lisp
Symlinking /home/huajun/M300_ws/devel/share/common-lisp/ros/dji_osdk_ros/msg/MissionWaypointAction.lisp
Symlinking /home/huajun/M300_ws/devel/share/common-lisp/ros/dji_osdk_ros/msg/_package.lisp
Symlinking /home/huajun/M300_ws/devel/share/common-lisp/ros/dji_osdk_ros/msg/_package_BatteryWholeInfo.lisp
Symlinking /home/huajun/M300_ws/devel/share/common-lisp/ros/dji_osdk_ros/msg/MobileData.lisp
Symlinking /home/huajun/M300_ws/devel/share/common-lisp/ros/dji_osdk_ros/msg/WaypointV2GimbalActuator.lisp
Symlinking /home/huajun/M300_ws/devel/share/common-lisp/ros/dji_osdk_ros/msg/WaypointV2AircraftControlActuator.lisp
Symlinking /home/huajun/M300_ws/devel/share/common-lisp/ros/dji_osdk_ros/msg/_package_JoystickParams.lisp
Symlinking /home/huajun/M300_ws/devel/share/common-lisp/ros/dji_osdk_ros/msg/WaypointV2MissionStatePush.lisp
Symlinking /home/huajun/M300_ws/devel/share/common-lisp/ros/dji_osdk_ros/msg/_package_MobileData.lisp
Symlinking /home/huajun/M300_ws/devel/share/common-lisp/ros/dji_osdk_ros/msg/WaypointV2Config.lisp
Symlinking /home/huajun/M300_ws/devel/share/common-lisp/ros/dji_osdk_ros/msg/_package_Waypoint.lisp
Symlinking /home/huajun/M300_ws/devel/share/common-lisp/ros/dji_osdk_ros/msg/_package_BatteryState.lisp
Symlinking /home/huajun/M300_ws/devel/share/common-lisp/ros/dji_osdk_ros/msg/_package_WaypointV2AircraftControlActuatorRotateHeading.lisp
Symlinking /home/huajun/M300_ws/devel/share/common-lisp/ros/dji_osdk_ros/msg/_package_WaypointV2.lisp
Symlinking /home/huajun/M300_ws/devel/share/common-lisp/ros/dji_osdk_ros/msg/MissionHotpointTask.lisp
Symlinking /home/huajun/M300_ws/devel/share/common-lisp/ros/dji_osdk_ros/msg/_package_WaypointV2GimbalActuator.lisp
Symlinking /home/huajun/M300_ws/devel/share/common-lisp/ros/dji_osdk_ros/msg/WaypointList.lisp
Symlinking /home/huajun/M300_ws/devel/share/common-lisp/ros/dji_osdk_ros/msg/GPSUTC.lisp
Symlinking /home/huajun/M300_ws/devel/share/common-lisp/ros/dji_osdk_ros/msg/_package_SmartBatteryState.lisp
Symlinking /home/huajun/M300_ws/devel/share/common-lisp/ros/dji_osdk_ros/msg/_package_WaypointV2CameraActuator.lisp
Symlinking /home/huajun/M300_ws/devel/share/common-lisp/ros/dji_osdk_ros/msg/WaypointV2GimbalActuatorRotationParam.lisp
Symlinking /home/huajun/M300_ws/devel/share/common-lisp/ros/dji_osdk_ros/msg/_package_WaypointV2MissionStatePush.lisp
Symlinking /home/huajun/M300_ws/devel/share/common-lisp/ros/dji_osdk_ros/msg/FlightAnomaly.lisp
Symlinking /home/huajun/M300_ws/devel/share/common-lisp/ros/dji_osdk_ros/msg/_package_VOPosition.lisp
Symlinking /home/huajun/M300_ws/devel/share/common-lisp/ros/dji_osdk_ros/msg/dji_osdk_ros-msg.asd
Symlinking /home/huajun/M300_ws/devel/share/common-lisp/ros/dji_osdk_ros/msg/_package_FCTimeInUTC.lisp
Symlinking /home/huajun/M300_ws/devel/share/common-lisp/ros/dji_osdk_ros/msg/WaypointV2.lisp
Symlinking /home/huajun/M300_ws/devel/share/common-lisp/ros/dji_osdk_ros/msg/WaypointV2ReachpointTrigger.lisp
Symlinking /home/huajun/M300_ws/devel/share/common-lisp/ros/dji_osdk_ros/msg/_package_WaypointList.lisp
Symlinking /home/huajun/M300_ws/devel/share/common-lisp/ros/dji_osdk_ros/msg/MissionWaypointTask.lisp
Symlinking /home/huajun/M300_ws/devel/share/common-lisp/ros/dji_osdk_ros/msg/_package_WaypointV2AircraftControlActuator.lisp
Symlinking /home/huajun/M300_ws/devel/share/dji_osdk_ros/cmake/dji_osdk_ros-msg-paths.cmake
Symlinking /home/huajun/M300_ws/devel/share/dji_osdk_ros/cmake/dji_osdk_rosConfig.cmake
Symlinking /home/huajun/M300_ws/devel/share/dji_osdk_ros/cmake/dji_osdk_rosConfig-version.cmake
Symlinking /home/huajun/M300_ws/devel/share/dji_osdk_ros/cmake/dji_osdk_ros-msg-extras.cmake
Symlinking /home/huajun/M300_ws/devel/share/gennodejs/ros/dji_osdk_ros/_index.js
Symlinking /home/huajun/M300_ws/devel/share/gennodejs/ros/dji_osdk_ros/srv/SubscribeWaypointV2Event.js
Symlinking /home/huajun/M300_ws/devel/share/gennodejs/ros/dji_osdk_ros/srv/PauseWaypointV2Mission.js
Symlinking /home/huajun/M300_ws/devel/share/gennodejs/ros/dji_osdk_ros/srv/GetAvoidEnable.js
Symlinking /home/huajun/M300_ws/devel/share/gennodejs/ros/dji_osdk_ros/srv/StereoVGASubscription.js
Symlinking /home/huajun/M300_ws/devel/share/gennodejs/ros/dji_osdk_ros/srv/MissionWpAction.js
Symlinking /home/huajun/M300_ws/devel/share/gennodejs/ros/dji_osdk_ros/srv/SetJoystickMode.js
Symlinking /home/huajun/M300_ws/devel/share/gennodejs/ros/dji_osdk_ros/srv/Activation.js
Symlinking /home/huajun/M300_ws/devel/share/gennodejs/ros/dji_osdk_ros/srv/SendMobileData.js
Symlinking /home/huajun/M300_ws/devel/share/gennodejs/ros/dji_osdk_ros/srv/ObtainControlAuthority.js
Symlinking /home/huajun/M300_ws/devel/share/gennodejs/ros/dji_osdk_ros/srv/GetSingleBatteryDynamicInfo.js
Symlinking /home/huajun/M300_ws/devel/share/gennodejs/ros/dji_osdk_ros/srv/MissionHpAction.js
Symlinking /home/huajun/M300_ws/devel/share/gennodejs/ros/dji_osdk_ros/srv/MissionWpSetSpeed.js
Symlinking /home/huajun/M300_ws/devel/share/gennodejs/ros/dji_osdk_ros/srv/CameraAperture.js
Symlinking /home/huajun/M300_ws/devel/share/gennodejs/ros/dji_osdk_ros/srv/MissionHpResetYaw.js
Symlinking /home/huajun/M300_ws/devel/share/gennodejs/ros/dji_osdk_ros/srv/QueryDroneVersion.js
Symlinking /home/huajun/M300_ws/devel/share/gennodejs/ros/dji_osdk_ros/srv/MissionWpUpload.js
Symlinking /home/huajun/M300_ws/devel/share/gennodejs/ros/dji_osdk_ros/srv/FlightTaskControl.js
Symlinking /home/huajun/M300_ws/devel/share/gennodejs/ros/dji_osdk_ros/srv/MissionWpGetInfo.js
Symlinking /home/huajun/M300_ws/devel/share/gennodejs/ros/dji_osdk_ros/srv/ResumeWaypointV2Mission.js
Symlinking /home/huajun/M300_ws/devel/share/gennodejs/ros/dji_osdk_ros/srv/SetHomePoint.js
Symlinking /home/huajun/M300_ws/devel/share/gennodejs/ros/dji_osdk_ros/srv/StartWaypointV2Mission.js
Symlinking /home/huajun/M300_ws/devel/share/gennodejs/ros/dji_osdk_ros/srv/SetLocalPosRef.js
Symlinking /home/huajun/M300_ws/devel/share/gennodejs/ros/dji_osdk_ros/srv/CameraTapZoomPoint.js
Symlinking /home/huajun/M300_ws/devel/share/gennodejs/ros/dji_osdk_ros/srv/GetGoHomeAltitude.js
Symlinking /home/huajun/M300_ws/devel/share/gennodejs/ros/dji_osdk_ros/srv/GenerateWaypointV2Action.js
Symlinking /home/huajun/M300_ws/devel/share/gennodejs/ros/dji_osdk_ros/srv/SetupCameraH264.js
Symlinking /home/huajun/M300_ws/devel/share/gennodejs/ros/dji_osdk_ros/srv/CameraStartShootAEBPhoto.js
Symlinking /home/huajun/M300_ws/devel/share/gennodejs/ros/dji_osdk_ros/srv/CameraFocusPoint.js
Symlinking /home/huajun/M300_ws/devel/share/gennodejs/ros/dji_osdk_ros/srv/SendPayloadData.js
Symlinking /home/huajun/M300_ws/devel/share/gennodejs/ros/dji_osdk_ros/srv/CameraAction.js
Symlinking /home/huajun/M300_ws/devel/share/gennodejs/ros/dji_osdk_ros/srv/GetM300StereoParams.js
Symlinking /home/huajun/M300_ws/devel/share/gennodejs/ros/dji_osdk_ros/srv/StopWaypointV2Mission.js
Symlinking /home/huajun/M300_ws/devel/share/gennodejs/ros/dji_osdk_ros/srv/Stereo240pSubscription.js
Symlinking /home/huajun/M300_ws/devel/share/gennodejs/ros/dji_osdk_ros/srv/StereoDepthSubscription.js
Symlinking /home/huajun/M300_ws/devel/share/gennodejs/ros/dji_osdk_ros/srv/SetHardSync.js
Symlinking /home/huajun/M300_ws/devel/share/gennodejs/ros/dji_osdk_ros/srv/SetGoHomeAltitude.js
Symlinking /home/huajun/M300_ws/devel/share/gennodejs/ros/dji_osdk_ros/srv/_index.js
Symlinking /home/huajun/M300_ws/devel/share/gennodejs/ros/dji_osdk_ros/srv/CameraStartShootBurstPhoto.js
Symlinking /home/huajun/M300_ws/devel/share/gennodejs/ros/dji_osdk_ros/srv/MissionHpUpdateYawRate.js
Symlinking /home/huajun/M300_ws/devel/share/gennodejs/ros/dji_osdk_ros/srv/MissionWpGetSpeed.js
Symlinking /home/huajun/M300_ws/devel/share/gennodejs/ros/dji_osdk_ros/srv/SetAvoidEnable.js
Symlinking /home/huajun/M300_ws/devel/share/gennodejs/ros/dji_osdk_ros/srv/SubscribeWaypointV2State.js
Symlinking /home/huajun/M300_ws/devel/share/gennodejs/ros/dji_osdk_ros/srv/CameraRecordVideoAction.js
Symlinking /home/huajun/M300_ws/devel/share/gennodejs/ros/dji_osdk_ros/srv/CameraSetZoomPara.js
Symlinking /home/huajun/M300_ws/devel/share/gennodejs/ros/dji_osdk_ros/srv/UploadWaypointV2Mission.js
Symlinking /home/huajun/M300_ws/devel/share/gennodejs/ros/dji_osdk_ros/srv/EmergencyBrake.js
Symlinking /home/huajun/M300_ws/devel/share/gennodejs/ros/dji_osdk_ros/srv/GimbalAction.js
Symlinking /home/huajun/M300_ws/devel/share/gennodejs/ros/dji_osdk_ros/srv/CameraISO.js
Symlinking /home/huajun/M300_ws/devel/share/gennodejs/ros/dji_osdk_ros/srv/MFIOConfig.js
Symlinking /home/huajun/M300_ws/devel/share/gennodejs/ros/dji_osdk_ros/srv/DroneArmControl.js
Symlinking /home/huajun/M300_ws/devel/share/gennodejs/ros/dji_osdk_ros/srv/GetDroneType.js
Symlinking /home/huajun/M300_ws/devel/share/gennodejs/ros/dji_osdk_ros/srv/CameraStartShootIntervalPhoto.js
Symlinking /home/huajun/M300_ws/devel/share/gennodejs/ros/dji_osdk_ros/srv/SetupCameraStream.js
Symlinking /home/huajun/M300_ws/devel/share/gennodejs/ros/dji_osdk_ros/srv/MissionStatus.js
Symlinking /home/huajun/M300_ws/devel/share/gennodejs/ros/dji_osdk_ros/srv/SetCurrentAircraftLocAsHomePoint.js
Symlinking /home/huajun/M300_ws/devel/share/gennodejs/ros/dji_osdk_ros/srv/DownloadWaypointV2Mission.js
Symlinking /home/huajun/M300_ws/devel/share/gennodejs/ros/dji_osdk_ros/srv/InitWaypointV2Setting.js
Symlinking /home/huajun/M300_ws/devel/share/gennodejs/ros/dji_osdk_ros/srv/JoystickAction.js
Symlinking /home/huajun/M300_ws/devel/share/gennodejs/ros/dji_osdk_ros/srv/GetGlobalCruisespeed.js
Symlinking /home/huajun/M300_ws/devel/share/gennodejs/ros/dji_osdk_ros/srv/GetHMSData.js
Symlinking /home/huajun/M300_ws/devel/share/gennodejs/ros/dji_osdk_ros/srv/MissionHpGetInfo.js
Symlinking /home/huajun/M300_ws/devel/share/gennodejs/ros/dji_osdk_ros/srv/UploadWaypointV2Action.js
Symlinking /home/huajun/M300_ws/devel/share/gennodejs/ros/dji_osdk_ros/srv/CameraEV.js
Symlinking /home/huajun/M300_ws/devel/share/gennodejs/ros/dji_osdk_ros/srv/SetGlobalCruisespeed.js
Symlinking /home/huajun/M300_ws/devel/share/gennodejs/ros/dji_osdk_ros/srv/CameraShutterSpeed.js
Symlinking /home/huajun/M300_ws/devel/share/gennodejs/ros/dji_osdk_ros/srv/CameraStopShootPhoto.js
Symlinking /home/huajun/M300_ws/devel/share/gennodejs/ros/dji_osdk_ros/srv/DroneTaskControl.js
Symlinking /home/huajun/M300_ws/devel/share/gennodejs/ros/dji_osdk_ros/srv/MFIOSetValue.js
Symlinking /home/huajun/M300_ws/devel/share/gennodejs/ros/dji_osdk_ros/srv/MissionHpUpdateRadius.js
Symlinking /home/huajun/M300_ws/devel/share/gennodejs/ros/dji_osdk_ros/srv/CameraZoomCtrl.js
Symlinking /home/huajun/M300_ws/devel/share/gennodejs/ros/dji_osdk_ros/srv/MFIO.js
Symlinking /home/huajun/M300_ws/devel/share/gennodejs/ros/dji_osdk_ros/srv/GetWholeBatteryInfo.js
Symlinking /home/huajun/M300_ws/devel/share/gennodejs/ros/dji_osdk_ros/srv/MissionHpUpload.js
Symlinking /home/huajun/M300_ws/devel/share/gennodejs/ros/dji_osdk_ros/srv/SDKControlAuthority.js
Symlinking /home/huajun/M300_ws/devel/share/gennodejs/ros/dji_osdk_ros/srv/CameraStartShootSinglePhoto.js
Symlinking /home/huajun/M300_ws/devel/share/gennodejs/ros/dji_osdk_ros/srv/KillSwitch.js
Symlinking /home/huajun/M300_ws/devel/share/gennodejs/ros/dji_osdk_ros/msg/WaypointV2TrajectoryTrigger.js
Symlinking /home/huajun/M300_ws/devel/share/gennodejs/ros/dji_osdk_ros/msg/WaypointV2IntervalTrigger.js
Symlinking /home/huajun/M300_ws/devel/share/gennodejs/ros/dji_osdk_ros/msg/SmartBatteryState.js
Symlinking /home/huajun/M300_ws/devel/share/gennodejs/ros/dji_osdk_ros/msg/MissionWaypoint.js
Symlinking /home/huajun/M300_ws/devel/share/gennodejs/ros/dji_osdk_ros/msg/MobileData.js
Symlinking /home/huajun/M300_ws/devel/share/gennodejs/ros/dji_osdk_ros/msg/VOPosition.js
Symlinking /home/huajun/M300_ws/devel/share/gennodejs/ros/dji_osdk_ros/msg/PayloadData.js
Symlinking /home/huajun/M300_ws/devel/share/gennodejs/ros/dji_osdk_ros/msg/WaypointV2SampleReachPointTrigger.js
Symlinking /home/huajun/M300_ws/devel/share/gennodejs/ros/dji_osdk_ros/msg/Waypoint.js
Symlinking /home/huajun/M300_ws/devel/share/gennodejs/ros/dji_osdk_ros/msg/WaypointV2.js
Symlinking /home/huajun/M300_ws/devel/share/gennodejs/ros/dji_osdk_ros/msg/WaypointV2MissionEventPush.js
Symlinking /home/huajun/M300_ws/devel/share/gennodejs/ros/dji_osdk_ros/msg/GPSUTC.js
Symlinking /home/huajun/M300_ws/devel/share/gennodejs/ros/dji_osdk_ros/msg/WaypointV2CameraActuator.js
Symlinking /home/huajun/M300_ws/devel/share/gennodejs/ros/dji_osdk_ros/msg/WaypointV2CameraActuatorFocalLengthParam.js
Symlinking /home/huajun/M300_ws/devel/share/gennodejs/ros/dji_osdk_ros/msg/WaypointV2MissionStatePush.js
Symlinking /home/huajun/M300_ws/devel/share/gennodejs/ros/dji_osdk_ros/msg/WaypointV2AircraftControlActuator.js
Symlinking /home/huajun/M300_ws/devel/share/gennodejs/ros/dji_osdk_ros/msg/SmartBatteryDynamicInfo.js
Symlinking /home/huajun/M300_ws/devel/share/gennodejs/ros/dji_osdk_ros/msg/WaypointV2GimbalActuatorRotationParam.js
Symlinking /home/huajun/M300_ws/devel/share/gennodejs/ros/dji_osdk_ros/msg/_index.js
Symlinking /home/huajun/M300_ws/devel/share/gennodejs/ros/dji_osdk_ros/msg/WaypointV2CameraActuatorFocusParam.js
Symlinking /home/huajun/M300_ws/devel/share/gennodejs/ros/dji_osdk_ros/msg/WaypointV2Action.js
Symlinking /home/huajun/M300_ws/devel/share/gennodejs/ros/dji_osdk_ros/msg/WaypointV2Config.js
Symlinking /home/huajun/M300_ws/devel/share/gennodejs/ros/dji_osdk_ros/msg/WaypointV2InitSetting.js
Symlinking /home/huajun/M300_ws/devel/share/gennodejs/ros/dji_osdk_ros/msg/WaypointV2AircraftControlActuatorFlying.js
Symlinking /home/huajun/M300_ws/devel/share/gennodejs/ros/dji_osdk_ros/msg/MissionHotpointTask.js
Symlinking /home/huajun/M300_ws/devel/share/gennodejs/ros/dji_osdk_ros/msg/WaypointV2ReachpointTrigger.js
Symlinking /home/huajun/M300_ws/devel/share/gennodejs/ros/dji_osdk_ros/msg/HMSPushInfo.js
Symlinking /home/huajun/M300_ws/devel/share/gennodejs/ros/dji_osdk_ros/msg/FCTimeInUTC.js
Symlinking /home/huajun/M300_ws/devel/share/gennodejs/ros/dji_osdk_ros/msg/WaypointV2AircraftControlActuatorRotateHeading.js
Symlinking /home/huajun/M300_ws/devel/share/gennodejs/ros/dji_osdk_ros/msg/FlightAnomaly.js
Symlinking /home/huajun/M300_ws/devel/share/gennodejs/ros/dji_osdk_ros/msg/MissionWaypointTask.js
Symlinking /home/huajun/M300_ws/devel/share/gennodejs/ros/dji_osdk_ros/msg/Gimbal.js
Symlinking /home/huajun/M300_ws/devel/share/gennodejs/ros/dji_osdk_ros/msg/JoystickParams.js
Symlinking /home/huajun/M300_ws/devel/share/gennodejs/ros/dji_osdk_ros/msg/BatteryWholeInfo.js
Symlinking /home/huajun/M300_ws/devel/share/gennodejs/ros/dji_osdk_ros/msg/WaypointList.js
Symlinking /home/huajun/M300_ws/devel/share/gennodejs/ros/dji_osdk_ros/msg/WaypointV2GimbalActuator.js
Symlinking /home/huajun/M300_ws/devel/share/gennodejs/ros/dji_osdk_ros/msg/WaypointV2AssociateTrigger.js
Symlinking /home/huajun/M300_ws/devel/share/gennodejs/ros/dji_osdk_ros/msg/MissionWaypointAction.js
Symlinking /home/huajun/M300_ws/devel/share/gennodejs/ros/dji_osdk_ros/msg/BatteryState.js
Symlinking /home/huajun/M300_ws/devel/share/roseus/ros/dji_osdk_ros/manifest.l
Symlinking /home/huajun/M300_ws/devel/share/roseus/ros/dji_osdk_ros/srv/SetGoHomeAltitude.l
Symlinking /home/huajun/M300_ws/devel/share/roseus/ros/dji_osdk_ros/srv/CameraZoomCtrl.l
Symlinking /home/huajun/M300_ws/devel/share/roseus/ros/dji_osdk_ros/srv/CameraAperture.l
Symlinking /home/huajun/M300_ws/devel/share/roseus/ros/dji_osdk_ros/srv/DroneTaskControl.l
Symlinking /home/huajun/M300_ws/devel/share/roseus/ros/dji_osdk_ros/srv/SetupCameraStream.l
Symlinking /home/huajun/M300_ws/devel/share/roseus/ros/dji_osdk_ros/srv/SetHardSync.l
Symlinking /home/huajun/M300_ws/devel/share/roseus/ros/dji_osdk_ros/srv/MFIOSetValue.l
Symlinking /home/huajun/M300_ws/devel/share/roseus/ros/dji_osdk_ros/srv/JoystickAction.l
Symlinking /home/huajun/M300_ws/devel/share/roseus/ros/dji_osdk_ros/srv/MissionWpSetSpeed.l
Symlinking /home/huajun/M300_ws/devel/share/roseus/ros/dji_osdk_ros/srv/Stereo240pSubscription.l
Symlinking /home/huajun/M300_ws/devel/share/roseus/ros/dji_osdk_ros/srv/SendMobileData.l
Symlinking /home/huajun/M300_ws/devel/share/roseus/ros/dji_osdk_ros/srv/PauseWaypointV2Mission.l
Symlinking /home/huajun/M300_ws/devel/share/roseus/ros/dji_osdk_ros/srv/CameraStartShootBurstPhoto.l
Symlinking /home/huajun/M300_ws/devel/share/roseus/ros/dji_osdk_ros/srv/CameraFocusPoint.l
Symlinking /home/huajun/M300_ws/devel/share/roseus/ros/dji_osdk_ros/srv/UploadWaypointV2Action.l
Symlinking /home/huajun/M300_ws/devel/share/roseus/ros/dji_osdk_ros/srv/MissionHpUpdateYawRate.l
Symlinking /home/huajun/M300_ws/devel/share/roseus/ros/dji_osdk_ros/srv/FlightTaskControl.l
Symlinking /home/huajun/M300_ws/devel/share/roseus/ros/dji_osdk_ros/srv/CameraStartShootAEBPhoto.l
Symlinking /home/huajun/M300_ws/devel/share/roseus/ros/dji_osdk_ros/srv/GetAvoidEnable.l
Symlinking /home/huajun/M300_ws/devel/share/roseus/ros/dji_osdk_ros/srv/StartWaypointV2Mission.l
Symlinking /home/huajun/M300_ws/devel/share/roseus/ros/dji_osdk_ros/srv/CameraShutterSpeed.l
Symlinking /home/huajun/M300_ws/devel/share/roseus/ros/dji_osdk_ros/srv/MissionHpGetInfo.l
Symlinking /home/huajun/M300_ws/devel/share/roseus/ros/dji_osdk_ros/srv/GetSingleBatteryDynamicInfo.l
Symlinking /home/huajun/M300_ws/devel/share/roseus/ros/dji_osdk_ros/srv/MissionWpGetInfo.l
Symlinking /home/huajun/M300_ws/devel/share/roseus/ros/dji_osdk_ros/srv/GetWholeBatteryInfo.l
Symlinking /home/huajun/M300_ws/devel/share/roseus/ros/dji_osdk_ros/srv/CameraStopShootPhoto.l
Symlinking /home/huajun/M300_ws/devel/share/roseus/ros/dji_osdk_ros/srv/Activation.l
Symlinking /home/huajun/M300_ws/devel/share/roseus/ros/dji_osdk_ros/srv/MissionWpGetSpeed.l
Symlinking /home/huajun/M300_ws/devel/share/roseus/ros/dji_osdk_ros/srv/MFIOConfig.l
Symlinking /home/huajun/M300_ws/devel/share/roseus/ros/dji_osdk_ros/srv/QueryDroneVersion.l
Symlinking /home/huajun/M300_ws/devel/share/roseus/ros/dji_osdk_ros/srv/CameraISO.l
Symlinking /home/huajun/M300_ws/devel/share/roseus/ros/dji_osdk_ros/srv/DownloadWaypointV2Mission.l
Symlinking /home/huajun/M300_ws/devel/share/roseus/ros/dji_osdk_ros/srv/SDKControlAuthority.l
Symlinking /home/huajun/M300_ws/devel/share/roseus/ros/dji_osdk_ros/srv/SubscribeWaypointV2Event.l
Symlinking /home/huajun/M300_ws/devel/share/roseus/ros/dji_osdk_ros/srv/SendPayloadData.l
Symlinking /home/huajun/M300_ws/devel/share/roseus/ros/dji_osdk_ros/srv/CameraStartShootIntervalPhoto.l
Symlinking /home/huajun/M300_ws/devel/share/roseus/ros/dji_osdk_ros/srv/GetM300StereoParams.l
Symlinking /home/huajun/M300_ws/devel/share/roseus/ros/dji_osdk_ros/srv/MissionWpUpload.l
Symlinking /home/huajun/M300_ws/devel/share/roseus/ros/dji_osdk_ros/srv/CameraTapZoomPoint.l
Symlinking /home/huajun/M300_ws/devel/share/roseus/ros/dji_osdk_ros/srv/SetCurrentAircraftLocAsHomePoint.l
Symlinking /home/huajun/M300_ws/devel/share/roseus/ros/dji_osdk_ros/srv/CameraSetZoomPara.l
Symlinking /home/huajun/M300_ws/devel/share/roseus/ros/dji_osdk_ros/srv/SetAvoidEnable.l
Symlinking /home/huajun/M300_ws/devel/share/roseus/ros/dji_osdk_ros/srv/InitWaypointV2Setting.l
Symlinking /home/huajun/M300_ws/devel/share/roseus/ros/dji_osdk_ros/srv/MissionWpAction.l
Symlinking /home/huajun/M300_ws/devel/share/roseus/ros/dji_osdk_ros/srv/GenerateWaypointV2Action.l
Symlinking /home/huajun/M300_ws/devel/share/roseus/ros/dji_osdk_ros/srv/SubscribeWaypointV2State.l
Symlinking /home/huajun/M300_ws/devel/share/roseus/ros/dji_osdk_ros/srv/StopWaypointV2Mission.l
Symlinking /home/huajun/M300_ws/devel/share/roseus/ros/dji_osdk_ros/srv/CameraEV.l
Symlinking /home/huajun/M300_ws/devel/share/roseus/ros/dji_osdk_ros/srv/GetGoHomeAltitude.l
Symlinking /home/huajun/M300_ws/devel/share/roseus/ros/dji_osdk_ros/srv/MFIO.l
Symlinking /home/huajun/M300_ws/devel/share/roseus/ros/dji_osdk_ros/srv/StereoVGASubscription.l
Symlinking /home/huajun/M300_ws/devel/share/roseus/ros/dji_osdk_ros/srv/SetJoystickMode.l
Symlinking /home/huajun/M300_ws/devel/share/roseus/ros/dji_osdk_ros/srv/DroneArmControl.l
Symlinking /home/huajun/M300_ws/devel/share/roseus/ros/dji_osdk_ros/srv/EmergencyBrake.l
Symlinking /home/huajun/M300_ws/devel/share/roseus/ros/dji_osdk_ros/srv/MissionHpResetYaw.l
Symlinking /home/huajun/M300_ws/devel/share/roseus/ros/dji_osdk_ros/srv/GetGlobalCruisespeed.l
Symlinking /home/huajun/M300_ws/devel/share/roseus/ros/dji_osdk_ros/srv/MissionStatus.l
Symlinking /home/huajun/M300_ws/devel/share/roseus/ros/dji_osdk_ros/srv/SetLocalPosRef.l
Symlinking /home/huajun/M300_ws/devel/share/roseus/ros/dji_osdk_ros/srv/GimbalAction.l
Symlinking /home/huajun/M300_ws/devel/share/roseus/ros/dji_osdk_ros/srv/SetHomePoint.l
Symlinking /home/huajun/M300_ws/devel/share/roseus/ros/dji_osdk_ros/srv/MissionHpUpdateRadius.l
Symlinking /home/huajun/M300_ws/devel/share/roseus/ros/dji_osdk_ros/srv/ObtainControlAuthority.l
Symlinking /home/huajun/M300_ws/devel/share/roseus/ros/dji_osdk_ros/srv/CameraAction.l
Symlinking /home/huajun/M300_ws/devel/share/roseus/ros/dji_osdk_ros/srv/GetHMSData.l
Symlinking /home/huajun/M300_ws/devel/share/roseus/ros/dji_osdk_ros/srv/ResumeWaypointV2Mission.l
Symlinking /home/huajun/M300_ws/devel/share/roseus/ros/dji_osdk_ros/srv/SetupCameraH264.l
Symlinking /home/huajun/M300_ws/devel/share/roseus/ros/dji_osdk_ros/srv/KillSwitch.l
Symlinking /home/huajun/M300_ws/devel/share/roseus/ros/dji_osdk_ros/srv/MissionHpUpload.l
Symlinking /home/huajun/M300_ws/devel/share/roseus/ros/dji_osdk_ros/srv/CameraRecordVideoAction.l
Symlinking /home/huajun/M300_ws/devel/share/roseus/ros/dji_osdk_ros/srv/StereoDepthSubscription.l
Symlinking /home/huajun/M300_ws/devel/share/roseus/ros/dji_osdk_ros/srv/GetDroneType.l
Symlinking /home/huajun/M300_ws/devel/share/roseus/ros/dji_osdk_ros/srv/CameraStartShootSinglePhoto.l
Symlinking /home/huajun/M300_ws/devel/share/roseus/ros/dji_osdk_ros/srv/SetGlobalCruisespeed.l
Symlinking /home/huajun/M300_ws/devel/share/roseus/ros/dji_osdk_ros/srv/UploadWaypointV2Mission.l
Symlinking /home/huajun/M300_ws/devel/share/roseus/ros/dji_osdk_ros/srv/MissionHpAction.l
Symlinking /home/huajun/M300_ws/devel/share/roseus/ros/dji_osdk_ros/msg/JoystickParams.l
Symlinking /home/huajun/M300_ws/devel/share/roseus/ros/dji_osdk_ros/msg/WaypointV2GimbalActuatorRotationParam.l
Symlinking /home/huajun/M300_ws/devel/share/roseus/ros/dji_osdk_ros/msg/WaypointV2InitSetting.l
Symlinking /home/huajun/M300_ws/devel/share/roseus/ros/dji_osdk_ros/msg/WaypointV2.l
Symlinking /home/huajun/M300_ws/devel/share/roseus/ros/dji_osdk_ros/msg/WaypointV2CameraActuatorFocalLengthParam.l
Symlinking /home/huajun/M300_ws/devel/share/roseus/ros/dji_osdk_ros/msg/WaypointV2AircraftControlActuatorRotateHeading.l
Symlinking /home/huajun/M300_ws/devel/share/roseus/ros/dji_osdk_ros/msg/WaypointV2TrajectoryTrigger.l
Symlinking /home/huajun/M300_ws/devel/share/roseus/ros/dji_osdk_ros/msg/MissionWaypointTask.l
Symlinking /home/huajun/M300_ws/devel/share/roseus/ros/dji_osdk_ros/msg/SmartBatteryDynamicInfo.l
Symlinking /home/huajun/M300_ws/devel/share/roseus/ros/dji_osdk_ros/msg/Gimbal.l
Symlinking /home/huajun/M300_ws/devel/share/roseus/ros/dji_osdk_ros/msg/MissionHotpointTask.l
Symlinking /home/huajun/M300_ws/devel/share/roseus/ros/dji_osdk_ros/msg/BatteryWholeInfo.l
Symlinking /home/huajun/M300_ws/devel/share/roseus/ros/dji_osdk_ros/msg/WaypointV2SampleReachPointTrigger.l
Symlinking /home/huajun/M300_ws/devel/share/roseus/ros/dji_osdk_ros/msg/BatteryState.l
Symlinking /home/huajun/M300_ws/devel/share/roseus/ros/dji_osdk_ros/msg/WaypointV2MissionStatePush.l
Symlinking /home/huajun/M300_ws/devel/share/roseus/ros/dji_osdk_ros/msg/WaypointV2CameraActuator.l
Symlinking /home/huajun/M300_ws/devel/share/roseus/ros/dji_osdk_ros/msg/WaypointV2MissionEventPush.l
Symlinking /home/huajun/M300_ws/devel/share/roseus/ros/dji_osdk_ros/msg/MobileData.l
Symlinking /home/huajun/M300_ws/devel/share/roseus/ros/dji_osdk_ros/msg/GPSUTC.l
Symlinking /home/huajun/M300_ws/devel/share/roseus/ros/dji_osdk_ros/msg/MissionWaypoint.l
Symlinking /home/huajun/M300_ws/devel/share/roseus/ros/dji_osdk_ros/msg/Waypoint.l
Symlinking /home/huajun/M300_ws/devel/share/roseus/ros/dji_osdk_ros/msg/WaypointV2ReachpointTrigger.l
Symlinking /home/huajun/M300_ws/devel/share/roseus/ros/dji_osdk_ros/msg/MissionWaypointAction.l
Symlinking /home/huajun/M300_ws/devel/share/roseus/ros/dji_osdk_ros/msg/WaypointV2AircraftControlActuator.l
Symlinking /home/huajun/M300_ws/devel/share/roseus/ros/dji_osdk_ros/msg/WaypointV2AssociateTrigger.l
Symlinking /home/huajun/M300_ws/devel/share/roseus/ros/dji_osdk_ros/msg/HMSPushInfo.l
Symlinking /home/huajun/M300_ws/devel/share/roseus/ros/dji_osdk_ros/msg/WaypointV2Config.l
Symlinking /home/huajun/M300_ws/devel/share/roseus/ros/dji_osdk_ros/msg/WaypointV2AircraftControlActuatorFlying.l
Symlinking /home/huajun/M300_ws/devel/share/roseus/ros/dji_osdk_ros/msg/WaypointV2Action.l
Symlinking /home/huajun/M300_ws/devel/share/roseus/ros/dji_osdk_ros/msg/FlightAnomaly.l
Symlinking /home/huajun/M300_ws/devel/share/roseus/ros/dji_osdk_ros/msg/WaypointList.l
Symlinking /home/huajun/M300_ws/devel/share/roseus/ros/dji_osdk_ros/msg/SmartBatteryState.l
Symlinking /home/huajun/M300_ws/devel/share/roseus/ros/dji_osdk_ros/msg/PayloadData.l
Symlinking /home/huajun/M300_ws/devel/share/roseus/ros/dji_osdk_ros/msg/VOPosition.l
Symlinking /home/huajun/M300_ws/devel/share/roseus/ros/dji_osdk_ros/msg/WaypointV2CameraActuatorFocusParam.l
Symlinking /home/huajun/M300_ws/devel/share/roseus/ros/dji_osdk_ros/msg/WaypointV2GimbalActuator.l
Symlinking /home/huajun/M300_ws/devel/share/roseus/ros/dji_osdk_ros/msg/FCTimeInUTC.l
Symlinking /home/huajun/M300_ws/devel/share/roseus/ros/dji_osdk_ros/msg/WaypointV2IntervalTrigger.l
Symlinking /home/huajun/M300_ws/devel/include/dji_osdk_ros/SetupCameraH264Response.h
Symlinking /home/huajun/M300_ws/devel/include/dji_osdk_ros/MissionWaypointTask.h
Symlinking /home/huajun/M300_ws/devel/include/dji_osdk_ros/QueryDroneVersionResponse.h
Symlinking /home/huajun/M300_ws/devel/include/dji_osdk_ros/SendMobileDataRequest.h
Symlinking /home/huajun/M300_ws/devel/include/dji_osdk_ros/GetAvoidEnable.h
Symlinking /home/huajun/M300_ws/devel/include/dji_osdk_ros/StartWaypointV2MissionRequest.h
Symlinking /home/huajun/M300_ws/devel/include/dji_osdk_ros/SetHardSyncRequest.h
Symlinking /home/huajun/M300_ws/devel/include/dji_osdk_ros/BatteryState.h
Symlinking /home/huajun/M300_ws/devel/include/dji_osdk_ros/StereoVGASubscriptionRequest.h
Symlinking /home/huajun/M300_ws/devel/include/dji_osdk_ros/MissionHpUpdateRadiusResponse.h
Symlinking /home/huajun/M300_ws/devel/include/dji_osdk_ros/SetCurrentAircraftLocAsHomePointRequest.h
Symlinking /home/huajun/M300_ws/devel/include/dji_osdk_ros/ResumeWaypointV2MissionResponse.h
Symlinking /home/huajun/M300_ws/devel/include/dji_osdk_ros/SetupCameraH264.h
Symlinking /home/huajun/M300_ws/devel/include/dji_osdk_ros/CameraStartShootBurstPhotoRequest.h
Symlinking /home/huajun/M300_ws/devel/include/dji_osdk_ros/GetSingleBatteryDynamicInfoResponse.h
Symlinking /home/huajun/M300_ws/devel/include/dji_osdk_ros/SetHomePointRequest.h
Symlinking /home/huajun/M300_ws/devel/include/dji_osdk_ros/WaypointV2IntervalTrigger.h
Symlinking /home/huajun/M300_ws/devel/include/dji_osdk_ros/CameraTapZoomPointRequest.h
Symlinking /home/huajun/M300_ws/devel/include/dji_osdk_ros/SubscribeWaypointV2StateRequest.h
Symlinking /home/huajun/M300_ws/devel/include/dji_osdk_ros/FlightTaskControlResponse.h
Symlinking /home/huajun/M300_ws/devel/include/dji_osdk_ros/WaypointV2GimbalActuatorRotationParam.h
Symlinking /home/huajun/M300_ws/devel/include/dji_osdk_ros/MFIOSetValueRequest.h
Symlinking /home/huajun/M300_ws/devel/include/dji_osdk_ros/UploadWaypointV2MissionRequest.h
Symlinking /home/huajun/M300_ws/devel/include/dji_osdk_ros/CameraSetZoomPara.h
Symlinking /home/huajun/M300_ws/devel/include/dji_osdk_ros/GimbalActionRequest.h
Symlinking /home/huajun/M300_ws/devel/include/dji_osdk_ros/GetM300StereoParamsResponse.h
Symlinking /home/huajun/M300_ws/devel/include/dji_osdk_ros/PauseWaypointV2MissionResponse.h
Symlinking /home/huajun/M300_ws/devel/include/dji_osdk_ros/SendPayloadDataResponse.h
Symlinking /home/huajun/M300_ws/devel/include/dji_osdk_ros/GetM300StereoParamsRequest.h
Symlinking /home/huajun/M300_ws/devel/include/dji_osdk_ros/SubscribeWaypointV2Event.h
Symlinking /home/huajun/M300_ws/devel/include/dji_osdk_ros/GetGoHomeAltitudeResponse.h
Symlinking /home/huajun/M300_ws/devel/include/dji_osdk_ros/GenerateWaypointV2ActionResponse.h
Symlinking /home/huajun/M300_ws/devel/include/dji_osdk_ros/SetHardSyncResponse.h
Symlinking /home/huajun/M300_ws/devel/include/dji_osdk_ros/UploadWaypointV2Action.h
Symlinking /home/huajun/M300_ws/devel/include/dji_osdk_ros/Activation.h
Symlinking /home/huajun/M300_ws/devel/include/dji_osdk_ros/StartWaypointV2MissionResponse.h
Symlinking /home/huajun/M300_ws/devel/include/dji_osdk_ros/DownloadWaypointV2MissionResponse.h
Symlinking /home/huajun/M300_ws/devel/include/dji_osdk_ros/MissionStatusRequest.h
Symlinking /home/huajun/M300_ws/devel/include/dji_osdk_ros/GetWholeBatteryInfoResponse.h
Symlinking /home/huajun/M300_ws/devel/include/dji_osdk_ros/MissionHpUpdateRadius.h
Symlinking /home/huajun/M300_ws/devel/include/dji_osdk_ros/ObtainControlAuthority.h
Symlinking /home/huajun/M300_ws/devel/include/dji_osdk_ros/GetGlobalCruisespeedResponse.h
Symlinking /home/huajun/M300_ws/devel/include/dji_osdk_ros/FlightTaskControlRequest.h
Symlinking /home/huajun/M300_ws/devel/include/dji_osdk_ros/SetHomePoint.h
Symlinking /home/huajun/M300_ws/devel/include/dji_osdk_ros/SendMobileData.h
Symlinking /home/huajun/M300_ws/devel/include/dji_osdk_ros/MissionWpGetSpeedRequest.h
Symlinking /home/huajun/M300_ws/devel/include/dji_osdk_ros/MFIOResponse.h
Symlinking /home/huajun/M300_ws/devel/include/dji_osdk_ros/WaypointV2ReachpointTrigger.h
Symlinking /home/huajun/M300_ws/devel/include/dji_osdk_ros/CameraStartShootIntervalPhotoRequest.h
Symlinking /home/huajun/M300_ws/devel/include/dji_osdk_ros/GetHMSDataResponse.h
Symlinking /home/huajun/M300_ws/devel/include/dji_osdk_ros/MissionWaypointAction.h
Symlinking /home/huajun/M300_ws/devel/include/dji_osdk_ros/UploadWaypointV2Mission.h
Symlinking /home/huajun/M300_ws/devel/include/dji_osdk_ros/WaypointV2AircraftControlActuator.h
Symlinking /home/huajun/M300_ws/devel/include/dji_osdk_ros/MissionWpGetSpeed.h
Symlinking /home/huajun/M300_ws/devel/include/dji_osdk_ros/MissionWpUploadResponse.h
Symlinking /home/huajun/M300_ws/devel/include/dji_osdk_ros/MissionHpActionResponse.h
Symlinking /home/huajun/M300_ws/devel/include/dji_osdk_ros/CameraEVRequest.h
Symlinking /home/huajun/M300_ws/devel/include/dji_osdk_ros/SetAvoidEnableResponse.h
Symlinking /home/huajun/M300_ws/devel/include/dji_osdk_ros/DroneTaskControl.h
Symlinking /home/huajun/M300_ws/devel/include/dji_osdk_ros/SDKControlAuthority.h
Symlinking /home/huajun/M300_ws/devel/include/dji_osdk_ros/MissionHpActionRequest.h
Symlinking /home/huajun/M300_ws/devel/include/dji_osdk_ros/SetHomePointResponse.h
Symlinking /home/huajun/M300_ws/devel/include/dji_osdk_ros/SendPayloadDataRequest.h
Symlinking /home/huajun/M300_ws/devel/include/dji_osdk_ros/MissionHpUploadResponse.h
Symlinking /home/huajun/M300_ws/devel/include/dji_osdk_ros/UploadWaypointV2ActionResponse.h
Symlinking /home/huajun/M300_ws/devel/include/dji_osdk_ros/CameraStartShootSinglePhotoRequest.h
Symlinking /home/huajun/M300_ws/devel/include/dji_osdk_ros/KillSwitchResponse.h
Symlinking /home/huajun/M300_ws/devel/include/dji_osdk_ros/DroneTaskControlRequest.h
Symlinking /home/huajun/M300_ws/devel/include/dji_osdk_ros/MissionWpActionRequest.h
Symlinking /home/huajun/M300_ws/devel/include/dji_osdk_ros/Waypoint.h
Symlinking /home/huajun/M300_ws/devel/include/dji_osdk_ros/CameraStartShootSinglePhotoResponse.h
Symlinking /home/huajun/M300_ws/devel/include/dji_osdk_ros/MissionHpGetInfo.h
Symlinking /home/huajun/M300_ws/devel/include/dji_osdk_ros/WaypointV2AircraftControlActuatorFlying.h
Symlinking /home/huajun/M300_ws/devel/include/dji_osdk_ros/SubscribeWaypointV2StateResponse.h
Symlinking /home/huajun/M300_ws/devel/include/dji_osdk_ros/GetAvoidEnableRequest.h
Symlinking /home/huajun/M300_ws/devel/include/dji_osdk_ros/DownloadWaypointV2MissionRequest.h
Symlinking /home/huajun/M300_ws/devel/include/dji_osdk_ros/PauseWaypointV2MissionRequest.h
Symlinking /home/huajun/M300_ws/devel/include/dji_osdk_ros/MFIOConfigResponse.h
Symlinking /home/huajun/M300_ws/devel/include/dji_osdk_ros/SetGlobalCruisespeedRequest.h
Symlinking /home/huajun/M300_ws/devel/include/dji_osdk_ros/PauseWaypointV2Mission.h
Symlinking /home/huajun/M300_ws/devel/include/dji_osdk_ros/ObtainControlAuthorityRequest.h
Symlinking /home/huajun/M300_ws/devel/include/dji_osdk_ros/CameraStartShootIntervalPhotoResponse.h
Symlinking /home/huajun/M300_ws/devel/include/dji_osdk_ros/HMSPushInfo.h
Symlinking /home/huajun/M300_ws/devel/include/dji_osdk_ros/CameraActionRequest.h
Symlinking /home/huajun/M300_ws/devel/include/dji_osdk_ros/FlightTaskControl.h
Symlinking /home/huajun/M300_ws/devel/include/dji_osdk_ros/ResumeWaypointV2Mission.h
Symlinking /home/huajun/M300_ws/devel/include/dji_osdk_ros/MissionWpActionResponse.h
Symlinking /home/huajun/M300_ws/devel/include/dji_osdk_ros/UploadWaypointV2ActionRequest.h
Symlinking /home/huajun/M300_ws/devel/include/dji_osdk_ros/DroneArmControlRequest.h
Symlinking /home/huajun/M300_ws/devel/include/dji_osdk_ros/EmergencyBrakeResponse.h
Symlinking /home/huajun/M300_ws/devel/include/dji_osdk_ros/GetGoHomeAltitudeRequest.h
Symlinking /home/huajun/M300_ws/devel/include/dji_osdk_ros/MissionHotpointTask.h
Symlinking /home/huajun/M300_ws/devel/include/dji_osdk_ros/MissionHpUploadRequest.h
Symlinking /home/huajun/M300_ws/devel/include/dji_osdk_ros/EmergencyBrake.h
Symlinking /home/huajun/M300_ws/devel/include/dji_osdk_ros/StereoVGASubscriptionResponse.h
Symlinking /home/huajun/M300_ws/devel/include/dji_osdk_ros/MissionWpGetInfoResponse.h
Symlinking /home/huajun/M300_ws/devel/include/dji_osdk_ros/MissionWpAction.h
Symlinking /home/huajun/M300_ws/devel/include/dji_osdk_ros/KillSwitch.h
Symlinking /home/huajun/M300_ws/devel/include/dji_osdk_ros/WaypointList.h
Symlinking /home/huajun/M300_ws/devel/include/dji_osdk_ros/ActivationRequest.h
Symlinking /home/huajun/M300_ws/devel/include/dji_osdk_ros/CameraStartShootBurstPhotoResponse.h
Symlinking /home/huajun/M300_ws/devel/include/dji_osdk_ros/MFIOConfig.h
Symlinking /home/huajun/M300_ws/devel/include/dji_osdk_ros/CameraTapZoomPointResponse.h
Symlinking /home/huajun/M300_ws/devel/include/dji_osdk_ros/SetCurrentAircraftLocAsHomePointResponse.h
Symlinking /home/huajun/M300_ws/devel/include/dji_osdk_ros/MissionHpGetInfoResponse.h
Symlinking /home/huajun/M300_ws/devel/include/dji_osdk_ros/SubscribeWaypointV2EventRequest.h
Symlinking /home/huajun/M300_ws/devel/include/dji_osdk_ros/CameraISO.h
Symlinking /home/huajun/M300_ws/devel/include/dji_osdk_ros/WaypointV2MissionStatePush.h
Symlinking /home/huajun/M300_ws/devel/include/dji_osdk_ros/ObtainControlAuthorityResponse.h
Symlinking /home/huajun/M300_ws/devel/include/dji_osdk_ros/SetAvoidEnableRequest.h
Symlinking /home/huajun/M300_ws/devel/include/dji_osdk_ros/SetupCameraH264Request.h
Symlinking /home/huajun/M300_ws/devel/include/dji_osdk_ros/DroneArmControl.h
Symlinking /home/huajun/M300_ws/devel/include/dji_osdk_ros/SetJoystickModeResponse.h
Symlinking /home/huajun/M300_ws/devel/include/dji_osdk_ros/CameraRecordVideoActionResponse.h
Symlinking /home/huajun/M300_ws/devel/include/dji_osdk_ros/MissionHpResetYawResponse.h
Symlinking /home/huajun/M300_ws/devel/include/dji_osdk_ros/CameraEV.h
Symlinking /home/huajun/M300_ws/devel/include/dji_osdk_ros/SetGoHomeAltitude.h
Symlinking /home/huajun/M300_ws/devel/include/dji_osdk_ros/SubscribeWaypointV2State.h
Symlinking /home/huajun/M300_ws/devel/include/dji_osdk_ros/WaypointV2AircraftControlActuatorRotateHeading.h
Symlinking /home/huajun/M300_ws/devel/include/dji_osdk_ros/CameraStartShootIntervalPhoto.h
Symlinking /home/huajun/M300_ws/devel/include/dji_osdk_ros/ResumeWaypointV2MissionRequest.h
Symlinking /home/huajun/M300_ws/devel/include/dji_osdk_ros/CameraRecordVideoActionRequest.h
Symlinking /home/huajun/M300_ws/devel/include/dji_osdk_ros/MissionWpUpload.h
Symlinking /home/huajun/M300_ws/devel/include/dji_osdk_ros/CameraSetZoomParaRequest.h
Symlinking /home/huajun/M300_ws/devel/include/dji_osdk_ros/Stereo240pSubscriptionResponse.h
Symlinking /home/huajun/M300_ws/devel/include/dji_osdk_ros/JoystickActionResponse.h
Symlinking /home/huajun/M300_ws/devel/include/dji_osdk_ros/GenerateWaypointV2ActionRequest.h
Symlinking /home/huajun/M300_ws/devel/include/dji_osdk_ros/KillSwitchRequest.h
Symlinking /home/huajun/M300_ws/devel/include/dji_osdk_ros/UploadWaypointV2MissionResponse.h
Symlinking /home/huajun/M300_ws/devel/include/dji_osdk_ros/InitWaypointV2Setting.h
Symlinking /home/huajun/M300_ws/devel/include/dji_osdk_ros/MissionWpGetInfoRequest.h
Symlinking /home/huajun/M300_ws/devel/include/dji_osdk_ros/WaypointV2GimbalActuator.h
Symlinking /home/huajun/M300_ws/devel/include/dji_osdk_ros/CameraStartShootAEBPhotoRequest.h
Symlinking /home/huajun/M300_ws/devel/include/dji_osdk_ros/StopWaypointV2Mission.h
Symlinking /home/huajun/M300_ws/devel/include/dji_osdk_ros/FCTimeInUTC.h
Symlinking /home/huajun/M300_ws/devel/include/dji_osdk_ros/GetSingleBatteryDynamicInfoRequest.h
Symlinking /home/huajun/M300_ws/devel/include/dji_osdk_ros/SetHardSync.h
Symlinking /home/huajun/M300_ws/devel/include/dji_osdk_ros/WaypointV2SampleReachPointTrigger.h
Symlinking /home/huajun/M300_ws/devel/include/dji_osdk_ros/WaypointV2CameraActuatorFocusParam.h
Symlinking /home/huajun/M300_ws/devel/include/dji_osdk_ros/EmergencyBrakeRequest.h
Symlinking /home/huajun/M300_ws/devel/include/dji_osdk_ros/Stereo240pSubscriptionRequest.h
Symlinking /home/huajun/M300_ws/devel/include/dji_osdk_ros/MFIOConfigRequest.h
Symlinking /home/huajun/M300_ws/devel/include/dji_osdk_ros/GPSUTC.h
Symlinking /home/huajun/M300_ws/devel/include/dji_osdk_ros/QueryDroneVersionRequest.h
Symlinking /home/huajun/M300_ws/devel/include/dji_osdk_ros/SetLocalPosRef.h
Symlinking /home/huajun/M300_ws/devel/include/dji_osdk_ros/Stereo240pSubscription.h
Symlinking /home/huajun/M300_ws/devel/include/dji_osdk_ros/MissionHpUpdateRadiusRequest.h
Symlinking /home/huajun/M300_ws/devel/include/dji_osdk_ros/GimbalActionResponse.h
Symlinking /home/huajun/M300_ws/devel/include/dji_osdk_ros/SetGoHomeAltitudeRequest.h
Symlinking /home/huajun/M300_ws/devel/include/dji_osdk_ros/JoystickActionRequest.h
Symlinking /home/huajun/M300_ws/devel/include/dji_osdk_ros/StopWaypointV2MissionResponse.h
Symlinking /home/huajun/M300_ws/devel/include/dji_osdk_ros/SetCurrentAircraftLocAsHomePoint.h
Symlinking /home/huajun/M300_ws/devel/include/dji_osdk_ros/CameraAperture.h
Symlinking /home/huajun/M300_ws/devel/include/dji_osdk_ros/StereoDepthSubscription.h
Symlinking /home/huajun/M300_ws/devel/include/dji_osdk_ros/CameraFocusPoint.h
Symlinking /home/huajun/M300_ws/devel/include/dji_osdk_ros/MissionWpSetSpeedResponse.h
Symlinking /home/huajun/M300_ws/devel/include/dji_osdk_ros/WaypointV2TrajectoryTrigger.h
Symlinking /home/huajun/M300_ws/devel/include/dji_osdk_ros/MissionHpAction.h
Symlinking /home/huajun/M300_ws/devel/include/dji_osdk_ros/GetGlobalCruisespeedRequest.h
Symlinking /home/huajun/M300_ws/devel/include/dji_osdk_ros/StereoDepthSubscriptionResponse.h
Symlinking /home/huajun/M300_ws/devel/include/dji_osdk_ros/MissionWpSetSpeed.h
Symlinking /home/huajun/M300_ws/devel/include/dji_osdk_ros/WaypointV2Config.h
Symlinking /home/huajun/M300_ws/devel/include/dji_osdk_ros/StopWaypointV2MissionRequest.h
Symlinking /home/huajun/M300_ws/devel/include/dji_osdk_ros/WaypointV2CameraActuatorFocalLengthParam.h
Symlinking /home/huajun/M300_ws/devel/include/dji_osdk_ros/WaypointV2MissionEventPush.h
Symlinking /home/huajun/M300_ws/devel/include/dji_osdk_ros/StartWaypointV2Mission.h
Symlinking /home/huajun/M300_ws/devel/include/dji_osdk_ros/MFIOSetValue.h
Symlinking /home/huajun/M300_ws/devel/include/dji_osdk_ros/VOPosition.h
Symlinking /home/huajun/M300_ws/devel/include/dji_osdk_ros/WaypointV2AssociateTrigger.h
Symlinking /home/huajun/M300_ws/devel/include/dji_osdk_ros/WaypointV2CameraActuator.h
Symlinking /home/huajun/M300_ws/devel/include/dji_osdk_ros/SDKControlAuthorityResponse.h
Symlinking /home/huajun/M300_ws/devel/include/dji_osdk_ros/SetGoHomeAltitudeResponse.h
Symlinking /home/huajun/M300_ws/devel/include/dji_osdk_ros/SetGlobalCruisespeed.h
Symlinking /home/huajun/M300_ws/devel/include/dji_osdk_ros/CameraShutterSpeedResponse.h
Symlinking /home/huajun/M300_ws/devel/include/dji_osdk_ros/GetAvoidEnableResponse.h
Symlinking /home/huajun/M300_ws/devel/include/dji_osdk_ros/MissionStatusResponse.h
Symlinking /home/huajun/M300_ws/devel/include/dji_osdk_ros/InitWaypointV2SettingRequest.h
Symlinking /home/huajun/M300_ws/devel/include/dji_osdk_ros/CameraStartShootSinglePhoto.h
Symlinking /home/huajun/M300_ws/devel/include/dji_osdk_ros/GetDroneType.h
Symlinking /home/huajun/M300_ws/devel/include/dji_osdk_ros/CameraAction.h
Symlinking /home/huajun/M300_ws/devel/include/dji_osdk_ros/InitWaypointV2SettingResponse.h
Symlinking /home/huajun/M300_ws/devel/include/dji_osdk_ros/SetAvoidEnable.h
Symlinking /home/huajun/M300_ws/devel/include/dji_osdk_ros/CameraStartShootAEBPhoto.h
Symlinking /home/huajun/M300_ws/devel/include/dji_osdk_ros/MFIORequest.h
Symlinking /home/huajun/M300_ws/devel/include/dji_osdk_ros/CameraSetZoomParaResponse.h
Symlinking /home/huajun/M300_ws/devel/include/dji_osdk_ros/MissionWpGetSpeedResponse.h
Symlinking /home/huajun/M300_ws/devel/include/dji_osdk_ros/DroneTaskControlResponse.h
Symlinking /home/huajun/M300_ws/devel/include/dji_osdk_ros/MobileData.h
Symlinking /home/huajun/M300_ws/devel/include/dji_osdk_ros/JoystickParams.h
Symlinking /home/huajun/M300_ws/devel/include/dji_osdk_ros/StereoVGASubscription.h
Symlinking /home/huajun/M300_ws/devel/include/dji_osdk_ros/MFIOSetValueResponse.h
Symlinking /home/huajun/M300_ws/devel/include/dji_osdk_ros/CameraFocusPointRequest.h
Symlinking /home/huajun/M300_ws/devel/include/dji_osdk_ros/SetupCameraStream.h
Symlinking /home/huajun/M300_ws/devel/include/dji_osdk_ros/GenerateWaypointV2Action.h
Symlinking /home/huajun/M300_ws/devel/include/dji_osdk_ros/CameraShutterSpeedRequest.h
Symlinking /home/huajun/M300_ws/devel/include/dji_osdk_ros/DownloadWaypointV2Mission.h
Symlinking /home/huajun/M300_ws/devel/include/dji_osdk_ros/MissionHpUpdateYawRateRequest.h
Symlinking /home/huajun/M300_ws/devel/include/dji_osdk_ros/QueryDroneVersion.h
Symlinking /home/huajun/M300_ws/devel/include/dji_osdk_ros/CameraZoomCtrlRequest.h
Symlinking /home/huajun/M300_ws/devel/include/dji_osdk_ros/CameraISORequest.h
Symlinking /home/huajun/M300_ws/devel/include/dji_osdk_ros/WaypointV2Action.h
Symlinking /home/huajun/M300_ws/devel/include/dji_osdk_ros/GetSingleBatteryDynamicInfo.h
Symlinking /home/huajun/M300_ws/devel/include/dji_osdk_ros/WaypointV2InitSetting.h
Symlinking /home/huajun/M300_ws/devel/include/dji_osdk_ros/SetJoystickModeRequest.h
Symlinking /home/huajun/M300_ws/devel/include/dji_osdk_ros/CameraStopShootPhoto.h
Symlinking /home/huajun/M300_ws/devel/include/dji_osdk_ros/CameraStartShootBurstPhoto.h
Symlinking /home/huajun/M300_ws/devel/include/dji_osdk_ros/BatteryWholeInfo.h
Symlinking /home/huajun/M300_ws/devel/include/dji_osdk_ros/CameraTapZoomPoint.h
Symlinking /home/huajun/M300_ws/devel/include/dji_osdk_ros/MissionWpGetInfo.h
Symlinking /home/huajun/M300_ws/devel/include/dji_osdk_ros/GetM300StereoParams.h
Symlinking /home/huajun/M300_ws/devel/include/dji_osdk_ros/PayloadData.h
Symlinking /home/huajun/M300_ws/devel/include/dji_osdk_ros/GetWholeBatteryInfoRequest.h
Symlinking /home/huajun/M300_ws/devel/include/dji_osdk_ros/SubscribeWaypointV2EventResponse.h
Symlinking /home/huajun/M300_ws/devel/include/dji_osdk_ros/GetDroneTypeRequest.h
Symlinking /home/huajun/M300_ws/devel/include/dji_osdk_ros/MissionHpResetYawRequest.h
Symlinking /home/huajun/M300_ws/devel/include/dji_osdk_ros/CameraEVResponse.h
Symlinking /home/huajun/M300_ws/devel/include/dji_osdk_ros/MissionWpUploadRequest.h
Symlinking /home/huajun/M300_ws/devel/include/dji_osdk_ros/CameraZoomCtrl.h
Symlinking /home/huajun/M300_ws/devel/include/dji_osdk_ros/Gimbal.h
Symlinking /home/huajun/M300_ws/devel/include/dji_osdk_ros/MissionHpResetYaw.h
Symlinking /home/huajun/M300_ws/devel/include/dji_osdk_ros/CameraShutterSpeed.h
Symlinking /home/huajun/M300_ws/devel/include/dji_osdk_ros/SmartBatteryState.h
Symlinking /home/huajun/M300_ws/devel/include/dji_osdk_ros/MissionHpUpdateYawRateResponse.h
Symlinking /home/huajun/M300_ws/devel/include/dji_osdk_ros/GetHMSData.h
Symlinking /home/huajun/M300_ws/devel/include/dji_osdk_ros/SetGlobalCruisespeedResponse.h
Symlinking /home/huajun/M300_ws/devel/include/dji_osdk_ros/CameraStopShootPhotoResponse.h
Symlinking /home/huajun/M300_ws/devel/include/dji_osdk_ros/MissionHpUpload.h
Symlinking /home/huajun/M300_ws/devel/include/dji_osdk_ros/SmartBatteryDynamicInfo.h
Symlinking /home/huajun/M300_ws/devel/include/dji_osdk_ros/CameraStartShootAEBPhotoResponse.h
Symlinking /home/huajun/M300_ws/devel/include/dji_osdk_ros/WaypointV2.h
Symlinking /home/huajun/M300_ws/devel/include/dji_osdk_ros/MissionStatus.h
Symlinking /home/huajun/M300_ws/devel/include/dji_osdk_ros/SetupCameraStreamRequest.h
Symlinking /home/huajun/M300_ws/devel/include/dji_osdk_ros/ActivationResponse.h
Symlinking /home/huajun/M300_ws/devel/include/dji_osdk_ros/MissionWpSetSpeedRequest.h
Symlinking /home/huajun/M300_ws/devel/include/dji_osdk_ros/MissionHpUpdateYawRate.h
Symlinking /home/huajun/M300_ws/devel/include/dji_osdk_ros/CameraActionResponse.h
Symlinking /home/huajun/M300_ws/devel/include/dji_osdk_ros/MissionHpGetInfoRequest.h
Symlinking /home/huajun/M300_ws/devel/include/dji_osdk_ros/CameraApertureResponse.h
Symlinking /home/huajun/M300_ws/devel/include/dji_osdk_ros/CameraISOResponse.h
Symlinking /home/huajun/M300_ws/devel/include/dji_osdk_ros/StereoDepthSubscriptionRequest.h
Symlinking /home/huajun/M300_ws/devel/include/dji_osdk_ros/CameraRecordVideoAction.h
Symlinking /home/huajun/M300_ws/devel/include/dji_osdk_ros/GetDroneTypeResponse.h
Symlinking /home/huajun/M300_ws/devel/include/dji_osdk_ros/SetLocalPosRefResponse.h
Symlinking /home/huajun/M300_ws/devel/include/dji_osdk_ros/CameraApertureRequest.h
Symlinking /home/huajun/M300_ws/devel/include/dji_osdk_ros/JoystickAction.h
Symlinking /home/huajun/M300_ws/devel/include/dji_osdk_ros/CameraFocusPointResponse.h
Symlinking /home/huajun/M300_ws/devel/include/dji_osdk_ros/GetGlobalCruisespeed.h
Symlinking /home/huajun/M300_ws/devel/include/dji_osdk_ros/SetJoystickMode.h
Symlinking /home/huajun/M300_ws/devel/include/dji_osdk_ros/GetHMSDataRequest.h
Symlinking /home/huajun/M300_ws/devel/include/dji_osdk_ros/SendMobileDataResponse.h
Symlinking /home/huajun/M300_ws/devel/include/dji_osdk_ros/SetupCameraStreamResponse.h
Symlinking /home/huajun/M300_ws/devel/include/dji_osdk_ros/GetGoHomeAltitude.h
Symlinking /home/huajun/M300_ws/devel/include/dji_osdk_ros/GetWholeBatteryInfo.h
Symlinking /home/huajun/M300_ws/devel/include/dji_osdk_ros/MFIO.h
Symlinking /home/huajun/M300_ws/devel/include/dji_osdk_ros/MissionWaypoint.h
Symlinking /home/huajun/M300_ws/devel/include/dji_osdk_ros/DroneArmControlResponse.h
Symlinking /home/huajun/M300_ws/devel/include/dji_osdk_ros/GimbalAction.h
Symlinking /home/huajun/M300_ws/devel/include/dji_osdk_ros/FlightAnomaly.h
Symlinking /home/huajun/M300_ws/devel/include/dji_osdk_ros/CameraZoomCtrlResponse.h
Symlinking /home/huajun/M300_ws/devel/include/dji_osdk_ros/SendPayloadData.h
Symlinking /home/huajun/M300_ws/devel/include/dji_osdk_ros/SetLocalPosRefRequest.h
Symlinking /home/huajun/M300_ws/devel/include/dji_osdk_ros/CameraStopShootPhotoRequest.h
Symlinking /home/huajun/M300_ws/devel/include/dji_osdk_ros/SDKControlAuthorityRequest.h
