[  0%] Built target _dji_osdk_ros_generate_messages_check_deps_MissionHpResetYaw
[  0%] Built target _dji_osdk_ros_generate_messages_check_deps_SetHardSync
[  0%] Built target _dji_osdk_ros_generate_messages_check_deps_MissionHpUpdateRadius
[  0%] Built target _dji_osdk_ros_generate_messages_check_deps_StereoVGASubscription
[  0%] Built target _dji_osdk_ros_generate_messages_check_deps_SetupCameraStream
[  0%] Built target _dji_osdk_ros_generate_messages_check_deps_QueryDroneVersion
[  0%] Built target _dji_osdk_ros_generate_messages_check_deps_Stereo240pSubscription
[  0%] Built target _dji_osdk_ros_generate_messages_check_deps_SendMobileData
[  0%] Built target _dji_osdk_ros_generate_messages_check_deps_GenerateWaypointV2Action
[  0%] Built target _dji_osdk_ros_generate_messages_check_deps_MissionHpUpdateYawRate
[  0%] Built target _dji_osdk_ros_generate_messages_check_deps_StereoDepthSubscription
[  0%] Built target _dji_osdk_ros_generate_messages_check_deps_MissionWpUpload
[  0%] Built target _dji_osdk_ros_generate_messages_check_deps_MissionWpSetSpeed
[  0%] Built target _dji_osdk_ros_generate_messages_check_deps_MissionHpAction
[  0%] Built target _dji_osdk_ros_generate_messages_check_deps_MFIOSetValue
[  0%] Built target _dji_osdk_ros_generate_messages_check_deps_DroneTaskControl
[  0%] Built target _dji_osdk_ros_generate_messages_check_deps_DroneArmControl
[  0%] Built target _dji_osdk_ros_generate_messages_check_deps_MFIOConfig
[  0%] Built target _dji_osdk_ros_generate_messages_check_deps_MissionWpGetInfo
[  0%] Built target _dji_osdk_ros_generate_messages_check_deps_MissionStatus
[  0%] Built target _dji_osdk_ros_generate_messages_check_deps_SubscribeWaypointV2Event
[  0%] Built target _dji_osdk_ros_generate_messages_check_deps_SubscribeWaypointV2State
[  0%] Built target nav_msgs_generate_messages_py
[  0%] Built target _dji_osdk_ros_generate_messages_check_deps_GetGlobalCruisespeed
[  0%] Built target _dji_osdk_ros_generate_messages_check_deps_JoystickAction
[  0%] Built target _dji_osdk_ros_generate_messages_check_deps_GetAvoidEnable
[  0%] Built target _dji_osdk_ros_generate_messages_check_deps_Waypoint
[  0%] Built target _dji_osdk_ros_generate_messages_check_deps_WaypointV2AircraftControlActuatorFlying
[  0%] Built target _dji_osdk_ros_generate_messages_check_deps_JoystickParams
[  0%] Built target _dji_osdk_ros_generate_messages_check_deps_VOPosition
[  0%] Built target _dji_osdk_ros_generate_messages_check_deps_WaypointV2InitSetting
[  0%] Built target _dji_osdk_ros_generate_messages_check_deps_WaypointV2
[  0%] Built target sensor_msgs_generate_messages_py
[  0%] Built target _dji_osdk_ros_generate_messages_check_deps_WaypointList
[  0%] Built target _dji_osdk_ros_generate_messages_check_deps_WaypointV2GimbalActuatorRotationParam
[  0%] Built target _dji_osdk_ros_generate_messages_check_deps_UploadWaypointV2Mission
[  0%] Built target _dji_osdk_ros_generate_messages_check_deps_GPSUTC
[  0%] Built target _dji_osdk_ros_generate_messages_check_deps_SetJoystickMode
[  0%] Built target _dji_osdk_ros_generate_messages_check_deps_GetDroneType
[  0%] Built target _dji_osdk_ros_generate_messages_check_deps_MissionHpGetInfo
[  0%] Built target _dji_osdk_ros_generate_messages_check_deps_CameraISO
[  0%] Built target _dji_osdk_ros_generate_messages_check_deps_SetLocalPosRef
[  0%] Built target _dji_osdk_ros_generate_messages_check_deps_SetGlobalCruisespeed
[  0%] Built target _dji_osdk_ros_generate_messages_check_deps_MobileData
[  0%] Built target _dji_osdk_ros_generate_messages_check_deps_FCTimeInUTC
[  0%] Built target _dji_osdk_ros_generate_messages_check_deps_Gimbal
[  0%] Built target _dji_osdk_ros_generate_messages_check_deps_CameraAction
[  0%] Built target _dji_osdk_ros_generate_messages_check_deps_InitWaypointV2Setting
[  0%] Built target _dji_osdk_ros_generate_messages_check_deps_WaypointV2GimbalActuator
[  0%] Built target _dji_osdk_ros_generate_messages_check_deps_WaypointV2AssociateTrigger
[  0%] Built target _dji_osdk_ros_generate_messages_check_deps_BatteryWholeInfo
[  0%] Built target _dji_osdk_ros_generate_messages_check_deps_CameraFocusPoint
[  0%] Built target std_msgs_generate_messages_py
[  0%] Built target _dji_osdk_ros_generate_messages_check_deps_WaypointV2AircraftControlActuatorRotateHeading
[  0%] Built target _dji_osdk_ros_generate_messages_check_deps_WaypointV2MissionEventPush
[  0%] Built target geometry_msgs_generate_messages_py
[  0%] Built target _dji_osdk_ros_generate_messages_check_deps_WaypointV2AircraftControlActuator
[  0%] Built target _dji_osdk_ros_generate_messages_check_deps_MissionWpGetSpeed
[  0%] Built target _dji_osdk_ros_generate_messages_check_deps_MissionHotpointTask
[  0%] Built target _dji_osdk_ros_generate_messages_check_deps_MissionHpUpload
[  0%] Built target _dji_osdk_ros_generate_messages_check_deps_CameraAperture
[  0%] Built target _dji_osdk_ros_generate_messages_check_deps_SmartBatteryState
[  0%] Built target _dji_osdk_ros_generate_messages_check_deps_WaypointV2Config
[  0%] Built target _dji_osdk_ros_generate_messages_check_deps_WaypointV2CameraActuatorFocusParam
[  0%] Built target _dji_osdk_ros_generate_messages_check_deps_MissionWpAction
[  0%] Built target _dji_osdk_ros_generate_messages_check_deps_MissionWaypoint
[  0%] Built target _dji_osdk_ros_generate_messages_check_deps_WaypointV2TrajectoryTrigger
[  0%] Built target _dji_osdk_ros_generate_messages_check_deps_StopWaypointV2Mission
[  0%] Built target _dji_osdk_ros_generate_messages_check_deps_WaypointV2ReachpointTrigger
[  0%] Built target _dji_osdk_ros_generate_messages_check_deps_UploadWaypointV2Action
[  0%] Built target _dji_osdk_ros_generate_messages_check_deps_CameraStartShootSinglePhoto
[  0%] Built target _dji_osdk_ros_generate_messages_check_deps_WaypointV2SampleReachPointTrigger
[  0%] Built target _dji_osdk_ros_generate_messages_check_deps_WaypointV2Action
[  0%] Built target _dji_osdk_ros_generate_messages_check_deps_WaypointV2MissionStatePush
[  0%] Built target _dji_osdk_ros_generate_messages_check_deps_MissionWaypointAction
[  0%] Built target _dji_osdk_ros_generate_messages_check_deps_KillSwitch
[  0%] Built target _dji_osdk_ros_generate_messages_check_deps_SDKControlAuthority
[  0%] Built target _dji_osdk_ros_generate_messages_check_deps_MissionWaypointTask
[  0%] Built target _dji_osdk_ros_generate_messages_check_deps_FlightAnomaly
[  0%] Built target _dji_osdk_ros_generate_messages_check_deps_BatteryState
[  0%] Built target _dji_osdk_ros_generate_messages_check_deps_ObtainControlAuthority
[  0%] Built target _dji_osdk_ros_generate_messages_check_deps_GetGoHomeAltitude
[  0%] Built target _dji_osdk_ros_generate_messages_check_deps_SmartBatteryDynamicInfo
[  0%] Built target _dji_osdk_ros_generate_messages_check_deps_WaypointV2IntervalTrigger
[  0%] Built target _dji_osdk_ros_generate_messages_check_deps_WaypointV2CameraActuator
[  0%] Built target _dji_osdk_ros_generate_messages_check_deps_GetM300StereoParams
[  0%] Built target _dji_osdk_ros_generate_messages_check_deps_FlightTaskControl
[  0%] Built target _dji_osdk_ros_generate_messages_check_deps_SetCurrentAircraftLocAsHomePoint
[  0%] Built target _dji_osdk_ros_generate_messages_check_deps_EmergencyBrake
[  0%] Built target _dji_osdk_ros_generate_messages_check_deps_HMSPushInfo
[  0%] Built target _dji_osdk_ros_generate_messages_check_deps_CameraEV
[  0%] Built target _dji_osdk_ros_generate_messages_check_deps_GimbalAction
[  0%] Built target _dji_osdk_ros_generate_messages_check_deps_CameraShutterSpeed
[  0%] Built target _dji_osdk_ros_generate_messages_check_deps_WaypointV2CameraActuatorFocalLengthParam
[  0%] Built target _dji_osdk_ros_generate_messages_check_deps_CameraTapZoomPoint
[  0%] Built target _dji_osdk_ros_generate_messages_check_deps_CameraZoomCtrl
[  0%] Built target _dji_osdk_ros_generate_messages_check_deps_CameraStartShootBurstPhoto
[  0%] Built target _dji_osdk_ros_generate_messages_check_deps_CameraStartShootAEBPhoto
[  0%] Built target _dji_osdk_ros_generate_messages_check_deps_CameraStopShootPhoto
[  0%] Built target _dji_osdk_ros_generate_messages_check_deps_CameraStartShootIntervalPhoto
[  0%] Built target _dji_osdk_ros_generate_messages_check_deps_PayloadData
[  0%] Built target _dji_osdk_ros_generate_messages_check_deps_GetWholeBatteryInfo
[  0%] Built target _dji_osdk_ros_generate_messages_check_deps_GetSingleBatteryDynamicInfo
[  0%] Built target _dji_osdk_ros_generate_messages_check_deps_Activation
[  0%] Built target _dji_osdk_ros_generate_messages_check_deps_CameraSetZoomPara
[  0%] Built target _dji_osdk_ros_generate_messages_check_deps_MFIO
[  0%] Built target _dji_osdk_ros_generate_messages_check_deps_CameraRecordVideoAction
[  0%] Built target std_msgs_generate_messages_nodejs
[  0%] Built target geometry_msgs_generate_messages_nodejs
[  0%] Built target _dji_osdk_ros_generate_messages_check_deps_SetGoHomeAltitude
[  0%] Built target _dji_osdk_ros_generate_messages_check_deps_SendPayloadData
[  0%] Built target _dji_osdk_ros_generate_messages_check_deps_SetupCameraH264
[  0%] Built target _dji_osdk_ros_generate_messages_check_deps_SetAvoidEnable
[  0%] Built target _dji_osdk_ros_generate_messages_check_deps_SetHomePoint
[  0%] Built target _dji_osdk_ros_generate_messages_check_deps_DownloadWaypointV2Mission
[  0%] Built target sensor_msgs_generate_messages_nodejs
[  0%] Built target nav_msgs_generate_messages_nodejs
[  0%] Built target sensor_msgs_generate_messages_lisp
[  0%] Built target _dji_osdk_ros_generate_messages_check_deps_StartWaypointV2Mission
[  0%] Built target _dji_osdk_ros_generate_messages_check_deps_PauseWaypointV2Mission
[  0%] Built target std_msgs_generate_messages_lisp
[  0%] Built target _dji_osdk_ros_generate_messages_check_deps_GetHMSData
[  0%] Built target geometry_msgs_generate_messages_lisp
[  0%] Built target nav_msgs_generate_messages_lisp
[  0%] Built target _dji_osdk_ros_generate_messages_check_deps_ResumeWaypointV2Mission
[  0%] Built target nav_msgs_generate_messages_cpp
[  0%] Built target geometry_msgs_generate_messages_cpp
[  0%] Built target std_msgs_generate_messages_cpp
[  0%] Built target sensor_msgs_generate_messages_cpp
[  0%] Built target geometry_msgs_generate_messages_eus
[  0%] Built target sensor_msgs_generate_messages_eus
[  0%] Built target std_msgs_generate_messages_eus
[  0%] Built target nav_msgs_generate_messages_eus
[ 18%] Built target dji_osdk_ros_generate_messages_nodejs
[ 36%] Built target dji_osdk_ros_generate_messages_py
[ 54%] Built target dji_osdk_ros_generate_messages_lisp
[ 71%] Built target dji_osdk_ros_generate_messages_cpp
[ 89%] Built target dji_osdk_ros_generate_messages_eus
[ 89%] Built target dji_osdk_ros_generate_messages
[ 92%] Built target dji_sdk_node
[ 94%] Built target dji_osdk_ros
[ 94%] Built target hms_node
[ 94%] Built target flight_control_node
[ 94%] Built target InMotionDropping
[ 95%] Built target gimbal_camera_control_node
[ 95%] Built target camera_stream_node
[ 96%] Built target payload_device_node
[ 96%] Built target time_sync_node
[ 96%] Built target battery_node
[ 97%] Built target waypointV2_node
[ 97%] Built target mobile_device_node
[ 97%] Built target InMotionDropper
[ 97%] Built target dji_vehicle_node
[100%] Built target camera_h264_node
[100%] Built target main_and_fpv_node
[100%] Built target telemetry_node
[100%] Built target mission_node
