[35m[1mScanning dependencies of target _forest_fire_detection_system_generate_messages_check_deps_SingleFireIR[0m
[35m[1mScanning dependencies of target _forest_fire_detection_system_generate_messages_check_deps_ToggleGrabDataDepthEstimation[0m
[35m[1mScanning dependencies of target _forest_fire_detection_system_generate_messages_check_deps_SingleFireFuse[0m
[35m[1mScanning dependencies of target _forest_fire_detection_system_generate_messages_check_deps_SegmentSmoke[0m
[35m[1mScanning dependencies of target _forest_fire_detection_system_generate_messages_check_deps_SingleFireRGB[0m
[35m[1mScanning dependencies of target std_msgs_generate_messages_nodejs[0m
[35m[1mScanning dependencies of target std_msgs_generate_messages_cpp[0m
[35m[1mScanning dependencies of target std_msgs_generate_messages_lisp[0m
[35m[1mScanning dependencies of target std_msgs_generate_messages_eus[0m
[  0%] Built target std_msgs_generate_messages_cpp
[  0%] Built target std_msgs_generate_messages_nodejs
[  0%] Built target std_msgs_generate_messages_lisp
[  0%] Built target std_msgs_generate_messages_eus
[35m[1mScanning dependencies of target std_msgs_generate_messages_py[0m
[  0%] Built target std_msgs_generate_messages_py
[  0%] Built target _forest_fire_detection_system_generate_messages_check_deps_SingleFireFuse
[  0%] Built target _forest_fire_detection_system_generate_messages_check_deps_SingleFireRGB
[  0%] Built target _forest_fire_detection_system_generate_messages_check_deps_SingleFireIR
[  0%] Built target _forest_fire_detection_system_generate_messages_check_deps_ToggleGrabDataDepthEstimation
[  0%] Built target _forest_fire_detection_system_generate_messages_check_deps_SegmentSmoke
[35m[1mScanning dependencies of target forest_fire_detection_system_generate_messages_cpp[0m
[35m[1mScanning dependencies of target forest_fire_detection_system_generate_messages_lisp[0m
[35m[1mScanning dependencies of target forest_fire_detection_system_generate_messages_nodejs[0m
[35m[1mScanning dependencies of target forest_fire_detection_system_generate_messages_eus[0m
[35m[1mScanning dependencies of target forest_fire_detection_system_generate_messages_py[0m
[  2%] [34m[1mGenerating C++ code from forest_fire_detection_system/SegmentSmoke.srv[0m
[  2%] [34m[1mGenerating C++ code from forest_fire_detection_system/ToggleGrabDataDepthEstimation.srv[0m
[  4%] [34m[1mGenerating C++ code from forest_fire_detection_system/SingleFireIR.msg[0m
[  4%] [34m[1mGenerating C++ code from forest_fire_detection_system/SingleFireFuse.msg[0m
[  5%] [34m[1mGenerating C++ code from forest_fire_detection_system/SingleFireRGB.msg[0m
[  7%] [34m[1mGenerating Lisp code from forest_fire_detection_system/SingleFireFuse.msg[0m
[ 10%] [34m[1mGenerating EusLisp code from forest_fire_detection_system/SingleFireFuse.msg[0m
[ 10%] [34m[1mGenerating Javascript code from forest_fire_detection_system/SingleFireFuse.msg[0m
[ 10%] [34m[1mGenerating Python from MSG forest_fire_detection_system/SingleFireFuse[0m
[ 11%] [34m[1mGenerating Lisp code from forest_fire_detection_system/SingleFireIR.msg[0m
[ 13%] [34m[1mGenerating Javascript code from forest_fire_detection_system/SingleFireIR.msg[0m
[ 14%] [34m[1mGenerating EusLisp code from forest_fire_detection_system/SingleFireIR.msg[0m
[ 15%] [34m[1mGenerating Javascript code from forest_fire_detection_system/SingleFireRGB.msg[0m
[ 16%] [34m[1mGenerating Lisp code from forest_fire_detection_system/SingleFireRGB.msg[0m
[ 17%] [34m[1mGenerating Javascript code from forest_fire_detection_system/SegmentSmoke.srv[0m
[ 19%] [34m[1mGenerating Python from MSG forest_fire_detection_system/SingleFireIR[0m
[ 20%] [34m[1mGenerating Python from MSG forest_fire_detection_system/SingleFireRGB[0m
[ 21%] [34m[1mGenerating Python code from SRV forest_fire_detection_system/SegmentSmoke[0m
[ 22%] [34m[1mGenerating EusLisp code from forest_fire_detection_system/SingleFireRGB.msg[0m
[ 23%] [34m[1mGenerating EusLisp code from forest_fire_detection_system/SegmentSmoke.srv[0m
[ 25%] [34m[1mGenerating Lisp code from forest_fire_detection_system/SegmentSmoke.srv[0m
[ 26%] [34m[1mGenerating Javascript code from forest_fire_detection_system/ToggleGrabDataDepthEstimation.srv[0m
[ 27%] [34m[1mGenerating Lisp code from forest_fire_detection_system/ToggleGrabDataDepthEstimation.srv[0m
[ 28%] [34m[1mGenerating EusLisp code from forest_fire_detection_system/ToggleGrabDataDepthEstimation.srv[0m
[ 29%] [34m[1mGenerating EusLisp manifest code for forest_fire_detection_system[0m
[ 30%] [34m[1mGenerating Python code from SRV forest_fire_detection_system/ToggleGrabDataDepthEstimation[0m
[ 30%] Built target forest_fire_detection_system_generate_messages_lisp
[ 30%] Built target forest_fire_detection_system_generate_messages_cpp
[ 30%] Built target forest_fire_detection_system_generate_messages_nodejs
[35m[1mScanning dependencies of target forest_fire_detection_system_module[0m
[ 32%] [32mBuilding CXX object src/modules/CMakeFiles/forest_fire_detection_system_module.dir/DroneMovementController/DroneMovementController.cpp.o[0m
[ 33%] [32mBuilding CXX object src/modules/CMakeFiles/forest_fire_detection_system_module.dir/GimbalCameraOperator/GimbalCameraOperator.cpp.o[0m
[ 35%] [34m[1mGenerating Python msg __init__.py for forest_fire_detection_system[0m
[ 35%] [32mBuilding CXX object src/modules/CMakeFiles/forest_fire_detection_system_module.dir/H20TIMUPoseGrabber/H20TIMUPoseGrabber.cpp.o[0m
[ 36%] [34m[1mGenerating Python srv __init__.py for forest_fire_detection_system[0m
[ 38%] [32mBuilding CXX object src/modules/CMakeFiles/forest_fire_detection_system_module.dir/ImgVideoOperator/RGB_IRSeperator.cpp.o[0m
[ 39%] [32mBuilding CXX object src/modules/CMakeFiles/forest_fire_detection_system_module.dir/PathPlanner/ZigzagPathPlanner.cpp.o[0m
[ 40%] [32mBuilding CXX object src/modules/CMakeFiles/forest_fire_detection_system_module.dir/PathPlanner/PolygonalPathPlanner.cpp.o[0m
[ 40%] Built target forest_fire_detection_system_generate_messages_py
[ 41%] [32mBuilding CXX object src/modules/CMakeFiles/forest_fire_detection_system_module.dir/WayPointOperator/WpV2Operator.cpp.o[0m
[ 41%] Built target forest_fire_detection_system_generate_messages_eus
[35m[1mScanning dependencies of target forest_fire_detection_system_generate_messages[0m
[ 41%] Built target forest_fire_detection_system_generate_messages
[ 42%] [32m[1mLinking CXX shared library /home/erfan/M300_ws/devel/.private/forest_fire_detection_system/lib/libforest_fire_detection_system_module.so[0m
/usr/bin/ld: cannot find -ldji_osdk_ros
/usr/bin/ld: cannot find -ldji_osdk_ros
collect2: error: ld returned 1 exit status
make[2]: *** [src/modules/CMakeFiles/forest_fire_detection_system_module.dir/build.make:463: /home/erfan/M300_ws/devel/.private/forest_fire_detection_system/lib/libforest_fire_detection_system_module.so] Error 1
make[1]: *** [CMakeFiles/Makefile2:3629: src/modules/CMakeFiles/forest_fire_detection_system_module.dir/all] Error 2
make: *** [Makefile:141: all] Error 2
